TN:
SF:/home/aleen/Downloads/FuzzingProject/bzip2.c
FNL:0,1130,1252
FNA:0,75962558,mainGtU
FNL:1,1268,1338
FNA:1,2074302,mainSimpleSort
FNL:2,1366,1375
FNA:2,2924148,mmed3
FNL:3,1404,1500
FNA:3,419373,mainQSort3
FNL:4,1534,1794
FNA:4,1087,mainSort
FNL:5,1814,1872
FNA:5,2042,BZ2_blockSort
FNL:6,1924,1992
FNA:6,39828,BZ2_hbMakeCodeLengths
FNL:7,1996,2010
FNA:7,9957,BZ2_hbAssignCodes
FNL:8,2014,2044
FNA:8,0,BZ2_hbCreateDecodeTables
FNL:9,2217,2221
FNA:9,2042,BZ2_bsInitWrite
FNL:10,2226,2234
FNA:10,2042,bsFinishWrite
FNL:11,2253,2258
FNA:11,12906716,bsW
FNL:12,2263,2269
FNA:12,4084,bsPutUInt32
FNL:13,2274,2277
FNA:13,32672,bsPutUChar
FNL:14,2286,2295
FNA:14,2042,makeMaps_e
FNL:15,2300,2411
FNA:15,2042,generateMTFValues
FNL:16,2419,2776
FNA:16,2042,sendMTFValues
FNL:17,2780,2845
FNA:17,2042,BZ2_compressBlock
FNL:18,2860,2869
FNA:18,0,makeMaps_d
FNL:19,2939,3448
FNA:19,0,BZ2_decompress
FNL:20,3467,3511
FNA:20,0,BZ2_bz__AssertH__fail
FNL:21,3517,3523
FNA:21,2042,bz_config_ok
FNL:22,3528,3532
FNA:22,8168,default_bzalloc
FNL:23,3535,3538
FNA:23,8168,default_bzfree
FNL:24,3543,3552
FNA:24,2042,prepare_new_block
FNL:25,3557,3561
FNA:25,4084,init_RL
FNL:26,3565,3570
FNA:26,4336,isempty_RL
FNL:27,3574,3637
FNA:27,2042,BZ2_bzCompressInit
FNL:28,3642,3673
FNA:28,8455629,add_pair_to_block
FNL:29,3678,3682
FNA:29,2042,flush_RL
FNL:30,3715,3755
FNA:30,17182,copy_input_until_stop
FNL:31,3760,3782
FNA:31,2294,copy_output_until_stop
FNL:32,3787,3829
FNA:32,17434,handle_compress
FNL:33,3833,3890
FNA:33,17434,BZ2_bzCompress
FNL:34,3894,3910
FNA:34,2042,BZ2_bzCompressEnd
FNL:35,3918,3954
FNA:35,0,BZ2_bzDecompressInit
FNL:36,3959,4096
FNA:36,0,unRLE_obuf_to_output_FAST
FNL:37,4101,4112
FNA:37,0,BZ2_indexIntoF
FNL:38,4117,4208
FNA:38,0,unRLE_obuf_to_output_SMALL
FNL:39,4212,4260
FNA:39,0,BZ2_bzDecompress
FNL:40,4264,4280
FNA:40,0,BZ2_bzDecompressEnd
FNL:41,4308,4314
FNA:41,17182,myfeof
FNL:42,4318,4361
FNA:42,2042,BZ2_bzWriteOpen
FNL:43,4366,4407
FNA:43,15140,BZ2_bzWrite
FNL:44,4411,4420
FNA:44,0,BZ2_bzWriteClose
FNL:45,4423,4485
FNA:45,2042,BZ2_bzWriteClose64
FNL:46,4489,4541
FNA:46,0,BZ2_bzReadOpen
FNL:47,4545,4559
FNA:47,0,BZ2_bzReadClose
FNL:48,4563,4619
FNA:48,0,BZ2_bzRead
FNL:49,4623,4640
FNA:49,0,BZ2_bzReadGetUnused
FNL:50,4649,4697
FNA:50,0,BZ2_bzBuffToBuffCompress
FNL:51,4701,4750
FNA:51,0,BZ2_bzBuffToBuffDecompress
FNL:52,4769,4772
FNA:52,0,BZ2_bzlibVersion
FNL:53,4779,4846
FNA:53,0,bzopen_or_bzdopen
FNL:54,4855,4860
FNA:54,0,BZ2_bzopen
FNL:55,4864,4869
FNA:55,0,BZ2_bzdopen
FNL:56,4873,4883
FNA:56,0,BZ2_bzread
FNL:57,4887,4897
FNA:57,0,BZ2_bzwrite
FNL:58,4901,4905
FNA:58,0,BZ2_bzflush
FNL:59,4909,4926
FNA:59,0,BZ2_bzclose
FNL:60,4953,4960
FNA:60,0,BZ2_bzerror
FNL:61,5233,5243
FNA:61,0,uInt64_from_UInt32s
FNL:62,5247,5257
FNA:62,0,uInt64_to_double
FNL:63,5261,5267
FNA:63,0,uInt64_isZero
FNL:64,5272,5283
FNA:64,0,uInt64_qrm10
FNL:65,5290,5304
FNA:65,0,uInt64_toAscii
FNL:66,5315,5410
FNA:66,2042,compressStream
FNL:67,5416,5525
FNA:67,0,uncompressStream
FNL:68,5530,5616
FNA:68,0,testStream
FNL:69,5625,5628
FNA:69,1,setExit
FNL:70,5633,5643
FNA:70,0,cadvise
FNL:71,5648,5656
FNA:71,0,showFileNames
FNL:72,5661,5715
FNA:72,0,cleanUpAndFail
FNL:73,5720,5730
FNA:73,0,panic
FNL:74,5735,5743
FNA:74,0,crcError
FNL:75,5748,5760
FNA:75,0,compressedStreamEOF
FNL:76,5765,5774
FNA:76,0,ioError
FNL:77,5779,5785
FNA:77,0,mySignalCatcher
FNL:78,5790,5841
FNA:78,0,mySIGSEGVorSIGBUScatcher
FNL:79,5846,5853
FNA:79,0,outOfMemory
FNL:80,5858,5868
FNA:80,0,configError
FNL:81,5882,5888
FNA:81,0,pad
FNL:82,5893,5909
FNA:82,10215,copyFileName
FNL:83,5914,5920
FNA:83,4085,fileExists
FNL:84,5933,5946
FNA:84,2042,fopen_output_safely
FNL:85,5954,5963
FNA:85,0,notAStandardFile
FNL:86,5971,5979
FNA:86,0,countHardLinks
FNL:87,6011,6019
FNA:87,2042,saveInputFileMetaInfo
FNL:88,6023,6043
FNA:88,2042,applySavedMetaInfoToOutputFile
FNL:89,6048,6063
FNA:89,2043,containsDubiousChars
FNL:90,6075,6082
FNA:90,8168,hasSuffix
FNL:91,6085,6092
FNA:91,0,mapSuffix
FNL:92,6097,6273
FNA:92,2042,compress
FNL:93,6278,6471
FNA:93,1,uncompress
FNL:94,6476,6560
FNA:94,0,testf
FNL:95,6565,6585
FNA:95,0,license
FNL:96,6590,6629
FNA:96,0,usage
FNL:97,6634,6640
FNA:97,0,redundant
FNL:98,6668,6675
FNA:98,12258,myMalloc
FNL:99,6680,6688
FNA:99,6129,mkCell
FNL:100,6693,6706
FNA:100,10215,snocString
FNL:101,6711,6734
FNA:101,4086,addFlagsFromEnvVar
FNL:102,6740,6993
FNA:102,2043,main
FNL:103,815,842
FNA:103,2601029,fallbackSimpleSort
FNL:104,876,963
FNA:104,2449735,fallbackQSort3
FNL:105,995,1112
FNA:105,966,fallbackSort
FNF:106
FNH:54
DA:815,2601029
DA:823,2601029
DA:825,2582763
DA:826,1163969
DA:827,866286
DA:828,866286
DA:829,1079041
DA:830,212755
DA:831,866286
DA:835,7341326
DA:836,4758563
DA:837,4758563
DA:838,6033351
DA:839,1274788
DA:840,4758563
DA:876,2449735
DA:887,2449735
DA:889,2449735
DA:890,2449735
DA:892,5231716
DA:894,2781981
DA:896,2781981
DA:897,2781981
DA:898,2601029
DA:899,2601029
DA:909,180952
DA:910,180952
DA:911,180952
DA:912,171174
DA:913,65500
DA:915,180952
DA:916,180952
DA:918,564986
DA:920,3812690
DA:921,3713564
DA:922,3713564
DA:923,1316491
DA:924,1316491
DA:925,1316491
DA:927,2397073
DA:928,1750261
DA:931,3256969
DA:932,3076017
DA:933,3076017
DA:934,795653
DA:935,795653
DA:936,795653
DA:938,2280364
DA:939,1715378
DA:941,745938
DA:942,564986
DA:947,180952
DA:949,786854
DA:950,770092
DA:952,166123
DA:953,166123
DA:955,166123
DA:956,81086
DA:957,81086
DA:959,85037
DA:960,85037
DA:963,2449735
DA:995,966
DA:1006,966
DA:1012,966
DA:1013,0
DA:1014,249228
DA:1015,1522152
DA:1016,248262
DA:1017,248262
DA:1019,1522152
DA:1020,1521186
DA:1021,1521186
DA:1022,1521186
DA:1023,1521186
DA:1026,966
DA:1027,49960
DA:1028,248262
DA:1037,31878
DA:1038,30912
DA:1039,30912
DA:1043,966
DA:1046,6359
DA:1047,0
DA:1049,6359
DA:1050,15218262
DA:1051,15211903
DA:1052,15211903
DA:1053,15211903
DA:1056,6359
DA:1057,6359
DA:1061,2456094
DA:1062,7505946
DA:1063,2456094
DA:1064,262932
DA:1065,1046259
DA:1067,2456094
DA:1068,2456094
DA:1069,7264276
DA:1070,2449735
DA:1071,216495
DA:1072,982071
DA:1074,2449735
DA:1075,2449735
DA:1078,2449735
DA:1079,2449735
DA:1080,2449735
DA:1083,2449735
DA:1084,11848031
DA:1085,9398296
DA:1086,9398296
DA:1091,6359
DA:1092,0
DA:1094,6359
DA:1095,6359
DA:1103,966
DA:1104,0
DA:1105,966
DA:1106,1522152
DA:1107,1751667
DA:1108,1521186
DA:1109,1521186
DA:1111,966
DA:1112,966
DA:1130,75962558
DA:1143,75962558
DA:1144,75962558
DA:1145,73734796
DA:1147,73734796
DA:1148,73734796
DA:1149,72460681
DA:1151,72460681
DA:1152,72460681
DA:1153,71382598
DA:1155,71382598
DA:1156,71382598
DA:1157,70389939
DA:1159,70389939
DA:1160,70389939
DA:1161,69492804
DA:1163,69492804
DA:1164,69492804
DA:1165,68642453
DA:1167,68642453
DA:1168,68642453
DA:1169,67868129
DA:1171,67868129
DA:1172,67868129
DA:1173,67144678
DA:1175,67144678
DA:1176,67144678
DA:1177,66474294
DA:1179,66474294
DA:1180,66474294
DA:1181,65712528
DA:1183,65712528
DA:1184,65712528
DA:1185,65218397
DA:1187,65218397
DA:1188,65218397
DA:1189,64657282
DA:1191,64657282
DA:1195,140537016
DA:1196,140537016
DA:1197,139512678
DA:1198,139512678
DA:1199,119732792
DA:1201,119732792
DA:1202,119732792
DA:1203,118871682
DA:1204,118871682
DA:1205,108964798
DA:1207,108964798
DA:1208,108964798
DA:1209,108133655
DA:1210,108133655
DA:1211,100267581
DA:1213,100267581
DA:1214,100267581
DA:1215,99495441
DA:1216,99495441
DA:1217,93477615
DA:1219,93477615
DA:1220,93477615
DA:1221,92951629
DA:1222,92951629
DA:1223,87567153
DA:1225,87567153
DA:1226,87567153
DA:1227,87117574
DA:1228,87117574
DA:1229,83211209
DA:1231,83211209
DA:1232,83211209
DA:1233,82744463
DA:1234,82744463
DA:1235,79521291
DA:1237,79521291
DA:1238,79521291
DA:1239,79062951
DA:1240,79062951
DA:1241,75879734
DA:1243,75879734
DA:1244,75879734
DA:1246,75879734
DA:1247,75879734
DA:1249,75879734
DA:1251,0
DA:1268,2074302
DA:1280,2074302
DA:1281,2074302
DA:1283,1126232
DA:1284,3488190
DA:1285,1126232
DA:1287,3488178
DA:1288,2361955
DA:1290,2361955
DA:1294,14516811
DA:1295,13851788
DA:1296,13851788
DA:1297,39662830
DA:1298,25811042
DA:1300,14565938
DA:1301,14565938
DA:1302,14565938
DA:1304,13851788
DA:1305,13851788
DA:1308,13851788
DA:1309,12880213
DA:1310,12880213
DA:1311,38188215
DA:1312,25308002
DA:1314,14485909
DA:1315,14485909
DA:1316,14485909
DA:1318,12880213
DA:1319,12880213
DA:1322,12880213
DA:1323,12154865
DA:1324,12154865
DA:1325,36998379
DA:1326,24843514
DA:1328,14494649
DA:1329,14494649
DA:1330,14494649
DA:1332,12154865
DA:1333,12154865
DA:1335,12154865
DA:1366,2924148
DA:1369,2924148
DA:1370,2924148
DA:1371,155716
DA:1372,155716
DA:1374,2924148
DA:1404,419373
DA:1424,419373
DA:1425,419373
DA:1427,5417812
DA:1429,4998450
DA:1431,4998450
DA:1432,4998450
DA:1434,2074302
DA:1435,2074302
DA:1436,2074291
DA:1439,2924148
DA:1440,2924148
DA:1441,2924148
DA:1442,2924148
DA:1444,2924148
DA:1445,2924148
DA:1447,1141352
DA:1449,142314846
DA:1450,139831475
DA:1451,139831475
DA:1452,131004454
DA:1453,131004454
DA:1455,8827021
DA:1456,7244892
DA:1459,35081766
DA:1460,32157618
DA:1461,32157618
DA:1462,23439898
DA:1463,23439898
DA:1465,8717720
DA:1466,7576368
DA:1468,4065500
DA:1469,1141352
DA:1474,2924148
DA:1475,2096682
DA:1476,2096682
DA:1479,6558253
DA:1480,7208805
DA:1482,827466
DA:1483,827466
DA:1485,827466
DA:1486,827466
DA:1487,827466
DA:1489,827466
DA:1490,827466
DA:1491,827466
DA:1496,827466
DA:1497,827466
DA:1498,827466
DA:1534,1087
DA:1550,1087
DA:1553,71239806
DA:1555,1087
DA:1556,1087
DA:1557,12162488
DA:1558,12161401
DA:1559,12161401
DA:1560,12161401
DA:1561,12161401
DA:1562,12161401
DA:1563,12161401
DA:1564,12161401
DA:1565,12161401
DA:1566,12161401
DA:1567,12161401
DA:1568,12161401
DA:1569,12161401
DA:1571,2555
DA:1572,1468
DA:1573,1468
DA:1574,1468
DA:1578,38045
DA:1579,36958
DA:1580,36958
DA:1583,1087
DA:1586,71238719
DA:1588,1087
DA:1589,1087
DA:1590,12162488
DA:1591,12161401
DA:1592,12161401
DA:1593,12161401
DA:1594,12161401
DA:1595,12161401
DA:1596,12161401
DA:1597,12161401
DA:1598,12161401
DA:1599,12161401
DA:1600,12161401
DA:1601,12161401
DA:1602,12161401
DA:1603,12161401
DA:1604,12161401
DA:1605,12161401
DA:1606,12161401
DA:1608,2555
DA:1609,1468
DA:1610,1468
DA:1611,1468
DA:1612,1468
DA:1620,279359
DA:1621,278272
DA:1622,278272
DA:1627,1087
DA:1628,5435
DA:1630,5435
DA:1631,1202222
DA:1632,1196787
DA:1633,1196787
DA:1634,2258316
DA:1635,1168684
DA:1636,1168684
DA:1637,1168684
DA:1639,1089632
DA:1640,1196787
DA:1642,5435
DA:1649,1087
DA:1651,279246
DA:1659,278170
DA:1669,71488832
DA:1670,71210673
DA:1671,70932513
DA:1672,70932513
DA:1673,35479212
DA:1674,35479212
DA:1675,35479212
DA:1676,419373
DA:1677,0
DA:1680,419373
DA:1684,419373
DA:1685,419373
DA:1688,70932502
DA:1692,278159
DA:1702,71486863
DA:1703,71208704
DA:1704,71208704
DA:1706,26160901
DA:1707,25882742
DA:1708,25882742
DA:1709,25882742
DA:1710,18645963
DA:1712,22932926
DA:1713,22654767
DA:1714,22654767
DA:1715,22654767
DA:1716,12719154
DA:1720,278159
DA:1729,71486863
DA:1770,278159
DA:1772,278159
DA:1773,277083
DA:1774,277083
DA:1775,277083
DA:1777,277083
DA:1779,42375451
DA:1780,42098368
DA:1781,42098368
DA:1782,42098368
DA:1783,42098368
DA:1784,31793
DA:1786,277083
DA:1791,1076
DA:1792,0
DA:1814,2042
DA:1816,2042
DA:1817,2042
DA:1818,2042
DA:1819,2042
DA:1820,2042
DA:1821,2042
DA:1827,2042
DA:1828,955
DA:1835,1087
DA:1836,1087
DA:1837,1087
DA:1846,1087
DA:1847,1087
DA:1848,1087
DA:1849,1087
DA:1851,1087
DA:1852,1087
DA:1853,0
DA:1858,1087
DA:1859,11
DA:1860,0
DA:1862,11
DA:1866,2042
DA:1867,24428190
DA:1868,24428190
DA:1869,2042
DA:1871,2042
DA:1872,2042
DA:1924,39828
DA:1940,6504484
DA:1941,6464656
DA:1945,39828
DA:1946,39828
DA:1948,39828
DA:1949,39828
DA:1950,39828
DA:1952,6504484
DA:1953,6464656
DA:1954,6464656
DA:1955,6464656
DA:1956,9782383
DA:1959,39828
DA:1961,6464656
DA:1962,39784864
DA:1963,37527402
DA:1964,6424828
DA:1965,6424828
DA:1966,6424828
DA:1967,6424828
DA:1968,6424828
DA:1969,6424828
DA:1970,6625869
DA:1973,39828
DA:1975,39828
DA:1976,6504484
DA:1977,6464656
DA:1978,6464656
DA:1979,60589175
DA:1980,6464656
DA:1981,6464656
DA:1984,39828
DA:1986,0
DA:1987,0
DA:1988,0
DA:1989,0
DA:1992,39828
DA:1996,9957
DA:2004,9957
DA:2005,57511
DA:2006,8185971
DA:2007,8138417
DA:2008,47554
DA:2010,9957
DA:2014,0
DA:2024,0
DA:2025,0
DA:2026,0
DA:2027,0
DA:2029,0
DA:2030,0
DA:2032,0
DA:2034,0
DA:2035,0
DA:2037,0
DA:2038,0
DA:2039,0
DA:2040,0
DA:2042,0
DA:2043,0
DA:2044,0
DA:2217,2042
DA:2219,2042
DA:2220,2042
DA:2221,2042
DA:2226,2042
DA:2228,5850
DA:2229,3808
DA:2230,3808
DA:2231,3808
DA:2232,3808
DA:2234,2042
DA:2253,12906716
DA:2255,17600377
DA:2256,12906716
DA:2257,12906716
DA:2258,12906716
DA:2263,4084
DA:2265,4084
DA:2266,4084
DA:2267,4084
DA:2268,4084
DA:2269,4084
DA:2274,32672
DA:2276,32672
DA:2277,32672
DA:2286,2042
DA:2289,2042
DA:2290,524794
DA:2291,522752
DA:2292,279974
DA:2293,279974
DA:2295,2042
DA:2300,2042
DA:2330,2042
DA:2331,2042
DA:2332,2042
DA:2334,2042
DA:2335,2042
DA:2337,286100
DA:2339,2042
DA:2340,2042
DA:2341,282016
DA:2343,49987669
DA:2346,49985627
DA:2347,49985627
DA:2350,49985627
DA:2351,46697110
DA:2354,3288517
DA:2355,2345846
DA:2357,6450217
DA:2358,2684962
DA:2359,2684962
DA:2361,3765255
DA:2362,3765255
DA:2364,6450217
DA:2365,4104371
DA:2367,2345846
DA:2373,3288517
DA:2374,3288517
DA:2375,3288517
DA:2376,3288517
DA:2377,98285486
DA:2379,94996969
DA:2380,94996969
DA:2381,94996969
DA:2382,94996969
DA:2384,3288517
DA:2385,3288517
DA:2386,3288517
DA:2392,2042
DA:2393,1545
DA:2395,7121
DA:2396,3416
DA:2397,3416
DA:2399,3705
DA:2400,3705
DA:2402,7121
DA:2403,5576
DA:2405,1545
DA:2408,2042
DA:2410,2042
DA:2411,2042
DA:2419,2042
DA:2439,2042
DA:2441,2042
DA:2442,0
DA:2446,2042
DA:2447,14294
DA:2448,1716600
DA:2449,1704348
DA:2452,2042
DA:2453,2042
DA:2454,1660
DA:2455,1474
DA:2456,1399
DA:2457,1340
DA:2463,2042
DA:2464,2042
DA:2465,2042
DA:2466,11999
DA:2467,9957
DA:2468,9957
DA:2469,9957
DA:2470,295913
DA:2471,285956
DA:2472,285956
DA:2475,9957
DA:2476,7117
DA:2477,4418
DA:2478,1898
DA:2479,1898
DA:2482,9957
DA:2483,0
DA:2488,1626121
DA:2489,1616164
DA:2490,284058
DA:2491,1332106
DA:2493,9957
DA:2494,9957
DA:2495,9957
DA:2502,10210
DA:2504,47996
DA:2506,47996
DA:2507,6504484
DA:2508,6464656
DA:2514,8168
DA:2515,996696
DA:2516,991336
DA:2517,991336
DA:2518,991336
DA:2522,8168
DA:2523,8168
DA:2524,8168
DA:2528,792160
DA:2529,783992
DA:2530,783992
DA:2536,5443256
DA:2538,783992
DA:2542,758084
DA:2550,758084
DA:2551,758084
DA:2552,758084
DA:2553,758084
DA:2554,758084
DA:2555,758084
DA:2556,758084
DA:2557,758084
DA:2558,758084
DA:2559,758084
DA:2563,758084
DA:2564,758084
DA:2565,758084
DA:2569,1113296
DA:2570,1087388
DA:2571,5640916
DA:2579,783992
DA:2580,5443256
DA:2581,4659264
DA:2582,783992
DA:2583,783992
DA:2584,783992
DA:2585,783992
DA:2590,783992
DA:2595,758084
DA:2596,758084
DA:2597,758084
DA:2598,758084
DA:2599,758084
DA:2600,758084
DA:2601,758084
DA:2602,758084
DA:2603,758084
DA:2604,758084
DA:2610,1113296
DA:2611,1087388
DA:2614,783992
DA:2616,8168
DA:2617,0
DA:2619,0
DA:2620,0
DA:2621,0
DA:2627,47996
DA:2628,39828
DA:2633,2042
DA:2634,2042
DA:2642,11999
DA:2643,198040
DA:2644,195998
DA:2645,195998
DA:2646,195998
DA:2647,275099
DA:2648,79101
DA:2649,79101
DA:2650,79101
DA:2651,79101
DA:2653,195998
DA:2654,195998
DA:2659,11999
DA:2660,9957
DA:2661,9957
DA:2662,1626121
DA:2663,1616164
DA:2664,1616164
DA:2666,9957
DA:2667,9957
DA:2668,9957
DA:2675,34714
DA:2676,32672
DA:2677,555424
DA:2678,522752
DA:2681,2042
DA:2682,34714
DA:2683,32672
DA:2685,34714
DA:2686,32672
DA:2687,499103
DA:2688,469744
DA:2691,2042
DA:2692,0
DA:2696,2042
DA:2697,2042
DA:2698,2042
DA:2699,198040
DA:2700,275099
DA:2701,195998
DA:2703,2042
DA:2704,0
DA:2707,2042
DA:2709,11999
DA:2710,9957
DA:2711,9957
DA:2712,1626121
DA:2713,1979039
DA:2714,1951296
DA:2715,1616164
DA:2719,2042
DA:2720,0
DA:2723,2042
DA:2724,2042
DA:2725,2042
DA:2727,198040
DA:2728,195998
DA:2729,195998
DA:2730,195998
DA:2732,385519
DA:2735,189521
DA:2736,189521
DA:2737,189521
DA:2738,189521
DA:2746,189521
DA:2747,189521
DA:2748,189521
DA:2749,189521
DA:2750,189521
DA:2751,189521
DA:2752,189521
DA:2753,189521
DA:2754,189521
DA:2755,189521
DA:2761,278324
DA:2762,271847
DA:2763,271847
DA:2764,271847
DA:2769,195998
DA:2770,195998
DA:2772,2042
DA:2774,2042
DA:2775,0
DA:2776,2042
DA:2780,2042
DA:2782,2042
DA:2784,2042
DA:2785,2042
DA:2786,2042
DA:2787,2042
DA:2789,2042
DA:2790,0
DA:2794,2042
DA:2797,2042
DA:2800,2042
DA:2801,2042
DA:2802,2042
DA:2803,2042
DA:2804,2042
DA:2805,2042
DA:2808,2042
DA:2810,2042
DA:2811,2042
DA:2812,2042
DA:2815,2042
DA:2826,2042
DA:2828,2042
DA:2829,2042
DA:2830,2042
DA:2835,2042
DA:2837,2042
DA:2838,2042
DA:2839,2042
DA:2840,2042
DA:2841,2042
DA:2842,0
DA:2843,2042
DA:2845,2042
DA:2860,0
DA:2863,0
DA:2864,0
DA:2865,0
DA:2866,0
DA:2867,0
DA:2869,0
DA:2939,0
DA:2944,0
DA:2972,0
DA:2974,0
DA:2975,0
DA:2976,0
DA:2977,0
DA:2978,0
DA:2979,0
DA:2980,0
DA:2981,0
DA:2982,0
DA:2983,0
DA:2984,0
DA:2985,0
DA:2986,0
DA:2987,0
DA:2988,0
DA:2989,0
DA:2990,0
DA:2991,0
DA:2992,0
DA:2993,0
DA:2994,0
DA:2995,0
DA:2996,0
DA:2997,0
DA:3001,0
DA:3002,0
DA:3003,0
DA:3004,0
DA:3005,0
DA:3006,0
DA:3007,0
DA:3008,0
DA:3009,0
DA:3010,0
DA:3011,0
DA:3012,0
DA:3013,0
DA:3014,0
DA:3015,0
DA:3016,0
DA:3017,0
DA:3018,0
DA:3019,0
DA:3020,0
DA:3021,0
DA:3022,0
DA:3023,0
DA:3024,0
DA:3026,0
DA:3028,0
DA:3030,0
DA:3031,0
DA:3033,0
DA:3034,0
DA:3036,0
DA:3037,0
DA:3039,0
DA:3040,0
DA:3041,0
DA:3042,0
DA:3044,0
DA:3045,0
DA:3046,0
DA:3049,0
DA:3051,0
DA:3052,0
DA:3055,0
DA:3057,0
DA:3058,0
DA:3059,0
DA:3060,0
DA:3061,0
DA:3062,0
DA:3063,0
DA:3064,0
DA:3065,0
DA:3066,0
DA:3067,0
DA:3068,0
DA:3070,0
DA:3071,0
DA:3072,0
DA:3074,0
DA:3075,0
DA:3076,0
DA:3077,0
DA:3078,0
DA:3079,0
DA:3080,0
DA:3081,0
DA:3082,0
DA:3084,0
DA:3086,0
DA:3087,0
DA:3088,0
DA:3089,0
DA:3090,0
DA:3091,0
DA:3092,0
DA:3094,0
DA:3095,0
DA:3096,0
DA:3097,0
DA:3100,0
DA:3101,0
DA:3102,0
DA:3103,0
DA:3104,0
DA:3107,0
DA:3109,0
DA:3110,0
DA:3111,0
DA:3112,0
DA:3113,0
DA:3115,0
DA:3116,0
DA:3117,0
DA:3120,0
DA:3121,0
DA:3122,0
DA:3123,0
DA:3124,0
DA:3125,0
DA:3127,0
DA:3128,0
DA:3129,0
DA:3130,0
DA:3132,0
DA:3138,0
DA:3140,0
DA:3141,0
DA:3142,0
DA:3143,0
DA:3144,0
DA:3145,0
DA:3150,0
DA:3151,0
DA:3152,0
DA:3154,0
DA:3155,0
DA:3156,0
DA:3157,0
DA:3158,0
DA:3160,0
DA:3165,0
DA:3166,0
DA:3167,0
DA:3168,0
DA:3169,0
DA:3170,0
DA:3172,0
DA:3179,0
DA:3184,0
DA:3185,0
DA:3186,0
DA:3187,0
DA:3189,0
DA:3194,0
DA:3195,0
DA:3196,0
DA:3197,0
DA:3198,0
DA:3200,0
DA:3205,0
DA:3206,0
DA:3210,0
DA:3212,0
DA:3214,0
DA:3215,0
DA:3217,0
DA:3218,0
DA:3219,0
DA:3220,0
DA:3222,0
DA:3224,0
DA:3225,0
DA:3226,0
DA:3228,0
DA:3229,0
DA:3230,0
DA:3231,0
DA:3232,0
DA:3233,0
DA:3236,0
DA:3237,0
DA:3238,0
DA:3239,0
DA:3240,0
DA:3243,0
DA:3247,0
DA:3253,0
DA:3255,0
DA:3257,0
DA:3258,0
DA:3259,0
DA:3260,0
DA:3261,0
DA:3262,0
DA:3263,0
DA:3264,0
DA:3265,0
DA:3267,0
DA:3268,0
DA:3270,0
DA:3273,0
DA:3274,0
DA:3275,0
DA:3276,0
DA:3277,0
DA:3278,0
DA:3280,0
DA:3281,0
DA:3282,0
DA:3283,0
DA:3284,0
DA:3285,0
DA:3287,0
DA:3288,0
DA:3289,0
DA:3290,0
DA:3291,0
DA:3292,0
DA:3293,0
DA:3294,0
DA:3296,0
DA:3303,0
DA:3304,0
DA:3305,0
DA:3306,0
DA:3307,0
DA:3309,0
DA:3310,0
DA:3317,0
DA:3318,0
DA:3320,0
DA:3321,0
DA:3322,0
DA:3323,0
DA:3324,0
DA:3327,0
DA:3328,0
DA:3329,0
DA:3331,0
DA:3334,0
DA:3337,0
DA:3338,0
DA:3339,0
DA:3340,0
DA:3344,0
DA:3345,0
DA:3347,0
DA:3348,0
DA:3349,0
DA:3350,0
DA:3352,0
DA:3354,0
DA:3355,0
DA:3356,0
DA:3357,0
DA:3358,0
DA:3359,0
DA:3361,0
DA:3367,0
DA:3368,0
DA:3369,0
DA:3370,0
DA:3373,0
DA:3374,0
DA:3375,0
DA:3376,0
DA:3377,0
DA:3378,0
DA:3380,0
DA:3385,0
DA:3389,0
DA:3391,0
DA:3392,0
DA:3393,0
DA:3394,0
DA:3395,0
DA:3396,0
DA:3397,0
DA:3398,0
DA:3399,0
DA:3400,0
DA:3402,0
DA:3403,0
DA:3404,0
DA:3405,0
DA:3406,0
DA:3407,0
DA:3408,0
DA:3409,0
DA:3410,0
DA:3412,0
DA:3413,0
DA:3415,0
DA:3418,0
DA:3420,0
DA:3422,0
DA:3423,0
DA:3424,0
DA:3425,0
DA:3426,0
DA:3427,0
DA:3428,0
DA:3429,0
DA:3430,0
DA:3431,0
DA:3432,0
DA:3433,0
DA:3434,0
DA:3435,0
DA:3436,0
DA:3437,0
DA:3438,0
DA:3439,0
DA:3440,0
DA:3441,0
DA:3442,0
DA:3443,0
DA:3444,0
DA:3445,0
DA:3447,0
DA:3467,0
DA:3469,0
DA:3482,0
DA:3483,0
DA:3510,0
DA:3517,2042
DA:3522,2042
DA:3528,8168
DA:3530,8168
DA:3531,8168
DA:3535,8168
DA:3537,8168
DA:3538,8168
DA:3543,2042
DA:3546,2042
DA:3547,2042
DA:3548,2042
DA:3549,2042
DA:3550,524794
DA:3551,2042
DA:3552,2042
DA:3557,4084
DA:3559,4084
DA:3560,4084
DA:3561,4084
DA:3565,4336
DA:3567,4336
DA:3568,0
DA:3569,4336
DA:3574,2042
DA:3583,2042
DA:3585,2042
DA:3586,2042
DA:3587,2042
DA:3588,0
DA:3590,2042
DA:3591,2042
DA:3592,2042
DA:3594,2042
DA:3595,2042
DA:3596,2042
DA:3598,2042
DA:3599,2042
DA:3600,2042
DA:3602,2042
DA:3603,2042
DA:3604,2042
DA:3605,2042
DA:3607,2042
DA:3608,0
DA:3609,0
DA:3610,0
DA:3611,0
DA:3612,0
DA:3615,2042
DA:3616,2042
DA:3617,2042
DA:3618,2042
DA:3619,2042
DA:3620,2042
DA:3621,2042
DA:3622,2042
DA:3624,2042
DA:3625,2042
DA:3626,2042
DA:3627,2042
DA:3629,2042
DA:3630,2042
DA:3631,2042
DA:3632,2042
DA:3633,2042
DA:3634,2042
DA:3635,2042
DA:3636,2042
DA:3642,8455629
DA:3645,8455629
DA:3646,53339385
DA:3647,44883756
DA:3649,8455629
DA:3650,8455629
DA:3651,1966
DA:3652,1966
DA:3653,1966
DA:3654,4334486
DA:3655,4334486
DA:3656,4334486
DA:3657,4334486
DA:3658,1729522
DA:3659,1729522
DA:3660,1729522
DA:3661,1729522
DA:3662,1729522
DA:3663,2389655
DA:3664,2389655
DA:3665,2389655
DA:3666,2389655
DA:3667,2389655
DA:3668,2389655
DA:3669,2389655
DA:3670,2389655
DA:3671,2389655
DA:3673,8455629
DA:3678,2042
DA:3680,2042
DA:3681,2042
DA:3682,2042
DA:3715,17182
DA:3717,17182
DA:3719,17182
DA:3724,69076744
DA:3726,69076744
DA:3727,69061604
DA:3728,69061604
DA:3729,69061604
DA:3730,69061604
DA:3731,69061604
DA:3732,69061604
DA:3740,2042
DA:3742,2042
DA:3744,0
DA:3745,0
DA:3746,0
DA:3747,0
DA:3748,0
DA:3749,0
DA:3750,0
DA:3751,0
DA:3754,17182
DA:3760,2294
DA:3762,2294
DA:3767,4699763
DA:3770,4699511
DA:3772,4697469
DA:3773,4697469
DA:3774,4697469
DA:3775,4697469
DA:3776,4697469
DA:3777,4697469
DA:3778,4697469
DA:3781,2294
DA:3787,17434
DA:3789,17434
DA:3790,17434
DA:3791,17434
DA:3795,19476
DA:3796,2294
DA:3797,2294
DA:3798,2042
DA:3799,4084
DA:3800,4084
DA:3801,0
DA:3802,0
DA:3803,0
DA:3804,0
DA:3805,0
DA:3808,17182
DA:3809,17182
DA:3810,17182
DA:3811,2042
DA:3812,2042
DA:3813,2042
DA:3816,15140
DA:3817,0
DA:3818,0
DA:3821,15140
DA:3822,15140
DA:3828,17434
DA:3833,17434
DA:3837,17434
DA:3838,17434
DA:3839,17434
DA:3840,17434
DA:3842,19476
DA:3843,19476
DA:3845,0
DA:3846,0
DA:3848,17182
DA:3849,17182
DA:3850,15140
DA:3851,15140
DA:3854,2042
DA:3855,0
DA:3856,0
DA:3857,0
DA:3860,2042
DA:3861,2042
DA:3862,2042
DA:3863,2042
DA:3866,0
DA:3868,0
DA:3869,0
DA:3870,0
DA:3871,0
DA:3872,0
DA:3873,0
DA:3874,0
DA:3875,0
DA:3876,0
DA:3878,2294
DA:3879,2294
DA:3880,2294
DA:3881,0
DA:3882,2294
DA:3883,2294
DA:3884,2294
DA:3885,2294
DA:3886,2042
DA:3887,2042
DA:3889,0
DA:3894,2042
DA:3897,2042
DA:3898,2042
DA:3899,2042
DA:3900,2042
DA:3902,2042
DA:3903,2042
DA:3904,2042
DA:3905,2042
DA:3907,2042
DA:3909,2042
DA:3918,0
DA:3925,0
DA:3927,0
DA:3928,0
DA:3929,0
DA:3931,0
DA:3932,0
DA:3934,0
DA:3935,0
DA:3936,0
DA:3937,0
DA:3938,0
DA:3939,0
DA:3940,0
DA:3941,0
DA:3942,0
DA:3943,0
DA:3944,0
DA:3945,0
DA:3946,0
DA:3947,0
DA:3948,0
DA:3949,0
DA:3950,0
DA:3951,0
DA:3953,0
DA:3959,0
DA:3963,0
DA:3965,0
DA:3968,0
DA:3969,0
DA:3970,0
DA:3971,0
DA:3972,0
DA:3973,0
DA:3974,0
DA:3975,0
DA:3976,0
DA:3980,0
DA:3983,0
DA:3984,0
DA:3985,0
DA:3986,0
DA:3987,0
DA:3988,0
DA:3990,0
DA:3991,0
DA:3992,0
DA:3993,0
DA:3994,0
DA:3996,0
DA:3997,0
DA:3998,0
DA:3999,0
DA:4000,0
DA:4002,0
DA:4003,0
DA:4004,0
DA:4005,0
DA:4006,0
DA:4012,0
DA:4013,0
DA:4014,0
DA:4015,0
DA:4016,0
DA:4017,0
DA:4018,0
DA:4019,0
DA:4020,0
DA:4023,0
DA:4024,0
DA:4030,0
DA:4032,0
DA:4033,0
DA:4034,0
DA:4035,0
DA:4036,0
DA:4037,0
DA:4038,0
DA:4040,0
DA:4042,0
DA:4043,0
DA:4045,0
DA:4046,0
DA:4047,0
DA:4048,0
DA:4052,0
DA:4053,0
DA:4055,0
DA:4056,0
DA:4057,0
DA:4058,0
DA:4060,0
DA:4061,0
DA:4063,0
DA:4064,0
DA:4065,0
DA:4066,0
DA:4068,0
DA:4069,0
DA:4070,0
DA:4071,0
DA:4073,0
DA:4074,0
DA:4075,0
DA:4078,0
DA:4079,0
DA:4080,0
DA:4081,0
DA:4082,0
DA:4085,0
DA:4086,0
DA:4087,0
DA:4088,0
DA:4089,0
DA:4090,0
DA:4091,0
DA:4092,0
DA:4093,0
DA:4101,0
DA:4104,0
DA:4105,0
DA:4107,0
DA:4108,0
DA:4110,0
DA:4111,0
DA:4117,0
DA:4121,0
DA:4123,0
DA:4126,0
DA:4127,0
DA:4128,0
DA:4129,0
DA:4130,0
DA:4131,0
DA:4132,0
DA:4133,0
DA:4134,0
DA:4138,0
DA:4141,0
DA:4142,0
DA:4143,0
DA:4144,0
DA:4145,0
DA:4146,0
DA:4148,0
DA:4149,0
DA:4150,0
DA:4151,0
DA:4152,0
DA:4154,0
DA:4155,0
DA:4156,0
DA:4157,0
DA:4158,0
DA:4160,0
DA:4161,0
DA:4162,0
DA:4163,0
DA:4164,0
DA:4169,0
DA:4172,0
DA:4173,0
DA:4174,0
DA:4175,0
DA:4176,0
DA:4177,0
DA:4178,0
DA:4179,0
DA:4180,0
DA:4184,0
DA:4186,0
DA:4187,0
DA:4188,0
DA:4189,0
DA:4190,0
DA:4192,0
DA:4193,0
DA:4194,0
DA:4195,0
DA:4197,0
DA:4198,0
DA:4199,0
DA:4200,0
DA:4202,0
DA:4203,0
DA:4204,0
DA:4212,0
DA:4215,0
DA:4216,0
DA:4217,0
DA:4218,0
DA:4221,0
DA:4222,0
DA:4223,0
DA:4224,0
DA:4225,0
DA:4226,0
DA:4227,0
DA:4228,0
DA:4229,0
DA:4231,0
DA:4232,0
DA:4233,0
DA:4235,0
DA:4237,0
DA:4238,0
DA:4240,0
DA:4243,0
DA:4244,0
DA:4245,0
DA:4246,0
DA:4247,0
DA:4249,0
DA:4250,0
DA:4251,0
DA:4253,0
DA:4264,0
DA:4267,0
DA:4268,0
DA:4269,0
DA:4270,0
DA:4272,0
DA:4273,0
DA:4274,0
DA:4276,0
DA:4277,0
DA:4279,0
DA:4308,17182
DA:4310,17182
DA:4311,17182
DA:4312,15140
DA:4313,15140
DA:4318,2042
DA:4326,2042
DA:4328,2042
DA:4330,2042
DA:4331,2042
DA:4332,2042
DA:4333,2042
DA:4334,0
DA:4336,2042
DA:4337,0
DA:4339,2042
DA:4340,2042
DA:4341,0
DA:4343,2042
DA:4344,2042
DA:4345,2042
DA:4346,2042
DA:4347,2042
DA:4348,2042
DA:4349,2042
DA:4350,2042
DA:4352,2042
DA:4353,2042
DA:4355,2042
DA:4356,0
DA:4358,2042
DA:4359,2042
DA:4360,2042
DA:4366,15140
DA:4373,15140
DA:4375,15140
DA:4376,15140
DA:4377,0
DA:4378,15140
DA:4379,0
DA:4380,15140
DA:4381,0
DA:4383,15140
DA:4384,0
DA:4386,15140
DA:4387,15140
DA:4390,15140
DA:4391,15140
DA:4392,15140
DA:4393,15140
DA:4394,0
DA:4396,15140
DA:4397,0
DA:4398,0
DA:4399,0
DA:4400,0
DA:4401,0
DA:4404,15140
DA:4405,15140
DA:4411,0
DA:4418,0
DA:4420,0
DA:4423,2042
DA:4433,2042
DA:4435,2042
DA:4436,0
DA:4437,2042
DA:4438,0
DA:4439,2042
DA:4440,0
DA:4442,2042
DA:4443,2042
DA:4444,2042
DA:4445,2042
DA:4447,2042
DA:4449,2294
DA:4450,2294
DA:4451,2294
DA:4452,2294
DA:4453,0
DA:4455,2294
DA:4456,2294
DA:4457,4588
DA:4458,2294
DA:4459,2294
DA:4460,0
DA:4463,2294
DA:4467,2042
DA:4468,2042
DA:4469,2042
DA:4470,0
DA:4473,2042
DA:4474,2042
DA:4475,2042
DA:4476,2042
DA:4477,2042
DA:4478,2042
DA:4479,2042
DA:4480,2042
DA:4482,2042
DA:4483,2042
DA:4484,2042
DA:4489,0
DA:4497,0
DA:4500,0
DA:4502,0
DA:4503,0
DA:4504,0
DA:4505,0
DA:4506,0
DA:4507,0
DA:4509,0
DA:4510,0
DA:4512,0
DA:4513,0
DA:4514,0
DA:4516,0
DA:4518,0
DA:4519,0
DA:4520,0
DA:4521,0
DA:4522,0
DA:4523,0
DA:4524,0
DA:4526,0
DA:4527,0
DA:4528,0
DA:4529,0
DA:4532,0
DA:4533,0
DA:4534,0
DA:4536,0
DA:4537,0
DA:4539,0
DA:4540,0
DA:4545,0
DA:4547,0
DA:4549,0
DA:4550,0
DA:4551,0
DA:4553,0
DA:4554,0
DA:4556,0
DA:4557,0
DA:4558,0
DA:4563,0
DA:4570,0
DA:4572,0
DA:4574,0
DA:4575,0
DA:4577,0
DA:4578,0
DA:4580,0
DA:4581,0
DA:4583,0
DA:4584,0
DA:4588,0
DA:4589,0
DA:4591,0
DA:4592,0
DA:4593,0
DA:4594,0
DA:4595,0
DA:4596,0
DA:4597,0
DA:4598,0
DA:4601,0
DA:4603,0
DA:4604,0
DA:4606,0
DA:4607,0
DA:4608,0
DA:4610,0
DA:4611,0
DA:4612,0
DA:4613,0
DA:4614,0
DA:4623,0
DA:4629,0
DA:4630,0
DA:4631,0
DA:4632,0
DA:4633,0
DA:4634,0
DA:4635,0
DA:4637,0
DA:4638,0
DA:4639,0
DA:4649,0
DA:4661,0
DA:4662,0
DA:4663,0
DA:4664,0
DA:4665,0
DA:4666,0
DA:4668,0
DA:4669,0
DA:4670,0
DA:4671,0
DA:4672,0
DA:4674,0
DA:4676,0
DA:4677,0
DA:4678,0
DA:4679,0
DA:4681,0
DA:4682,0
DA:4683,0
DA:4686,0
DA:4687,0
DA:4688,0
DA:4690,0
DA:4691,0
DA:4692,0
DA:4694,0
DA:4695,0
DA:4696,0
DA:4701,0
DA:4712,0
DA:4713,0
DA:4714,0
DA:4715,0
DA:4716,0
DA:4718,0
DA:4719,0
DA:4720,0
DA:4721,0
DA:4722,0
DA:4724,0
DA:4725,0
DA:4726,0
DA:4727,0
DA:4729,0
DA:4730,0
DA:4731,0
DA:4734,0
DA:4735,0
DA:4736,0
DA:4738,0
DA:4739,0
DA:4740,0
DA:4741,0
DA:4743,0
DA:4744,0
DA:4747,0
DA:4748,0
DA:4749,0
DA:4769,0
DA:4771,0
DA:4779,0
DA:4787,0
DA:4788,0
DA:4789,0
DA:4790,0
DA:4791,0
DA:4792,0
DA:4793,0
DA:4794,0
DA:4795,0
DA:4797,0
DA:4798,0
DA:4799,0
DA:4800,0
DA:4801,0
DA:4802,0
DA:4803,0
DA:4804,0
DA:4805,0
DA:4806,0
DA:4807,0
DA:4808,0
DA:4811,0
DA:4813,0
DA:4814,0
DA:4816,0
DA:4817,0
DA:4818,0
DA:4820,0
DA:4826,0
DA:4829,0
DA:4831,0
DA:4833,0
DA:4834,0
DA:4835,0
DA:4838,0
DA:4841,0
DA:4842,0
DA:4843,0
DA:4845,0
DA:4855,0
DA:4859,0
DA:4864,0
DA:4868,0
DA:4873,0
DA:4876,0
DA:4877,0
DA:4878,0
DA:4879,0
DA:4881,0
DA:4887,0
DA:4891,0
DA:4892,0
DA:4893,0
DA:4895,0
DA:4901,0
DA:4904,0
DA:4909,0
DA:4912,0
DA:4914,0
DA:4915,0
DA:4916,0
DA:4917,0
DA:4918,0
DA:4921,0
DA:4923,0
DA:4924,0
DA:4953,0
DA:4955,0
DA:4957,0
DA:4958,0
DA:4959,0
DA:5233,0
DA:5235,0
DA:5236,0
DA:5237,0
DA:5238,0
DA:5239,0
DA:5240,0
DA:5241,0
DA:5242,0
DA:5243,0
DA:5247,0
DA:5250,0
DA:5251,0
DA:5252,0
DA:5253,0
DA:5254,0
DA:5256,0
DA:5261,0
DA:5264,0
DA:5265,0
DA:5266,0
DA:5272,0
DA:5276,0
DA:5277,0
DA:5278,0
DA:5279,0
DA:5280,0
DA:5282,0
DA:5290,0
DA:5294,0
DA:5295,0
DA:5297,0
DA:5298,0
DA:5299,0
DA:5300,0
DA:5301,0
DA:5302,0
DA:5303,0
DA:5304,0
DA:5315,2042
DA:5317,2042
DA:5327,2042
DA:5328,2042
DA:5330,2042
DA:5332,2042
DA:5334,2042
DA:5338,17182
DA:5339,15140
DA:5340,15140
DA:5341,15140
DA:5342,15140
DA:5346,2042
DA:5349,2042
DA:5351,2042
DA:5352,2042
DA:5353,2042
DA:5354,2042
DA:5355,2042
DA:5356,2042
DA:5357,2042
DA:5359,2042
DA:5360,2042
DA:5361,2042
DA:5362,2042
DA:5364,2042
DA:5365,0
DA:5366,0
DA:5371,0
DA:5373,0
DA:5375,0
DA:5376,0
DA:5377,0
DA:5378,0
DA:5379,0
DA:5382,0
DA:5383,0
DA:5390,2042
DA:5392,0
DA:5393,0
DA:5396,0
DA:5397,0
DA:5398,0
DA:5399,0
DA:5400,0
DA:5402,0
DA:5403,0
DA:5404,0
DA:5405,0
DA:5416,0
DA:5418,0
DA:5425,0
DA:5426,0
DA:5431,0
DA:5432,0
DA:5436,0
DA:5440,0
DA:5441,0
DA:5443,0
DA:5444,0
DA:5445,0
DA:5446,0
DA:5447,0
DA:5448,0
DA:5450,0
DA:5452,0
DA:5453,0
DA:5455,0
DA:5457,0
DA:5458,0
DA:5460,0
DA:5463,0
DA:5464,0
DA:5465,0
DA:5466,0
DA:5468,0
DA:5469,0
DA:5470,0
DA:5471,0
DA:5472,0
DA:5473,0
DA:5474,0
DA:5476,0
DA:5477,0
DA:5478,0
DA:5480,0
DA:5481,0
DA:5482,0
DA:5484,0
DA:5485,0
DA:5486,0
DA:5487,0
DA:5488,0
DA:5490,0
DA:5493,0
DA:5494,0
DA:5495,0
DA:5496,0
DA:5497,0
DA:5499,0
DA:5500,0
DA:5501,0
DA:5502,0
DA:5503,0
DA:5504,0
DA:5505,0
DA:5506,0
DA:5507,0
DA:5508,0
DA:5509,0
DA:5510,0
DA:5511,0
DA:5513,0
DA:5514,0
DA:5517,0
DA:5519,0
DA:5520,0
DA:5530,0
DA:5532,0
DA:5539,0
DA:5540,0
DA:5543,0
DA:5547,0
DA:5551,0
DA:5552,0
DA:5554,0
DA:5555,0
DA:5556,0
DA:5558,0
DA:5560,0
DA:5561,0
DA:5563,0
DA:5565,0
DA:5566,0
DA:5567,0
DA:5571,0
DA:5572,0
DA:5573,0
DA:5575,0
DA:5576,0
DA:5578,0
DA:5579,0
DA:5580,0
DA:5581,0
DA:5582,0
DA:5583,0
DA:5584,0
DA:5586,0
DA:5587,0
DA:5588,0
DA:5589,0
DA:5591,0
DA:5592,0
DA:5593,0
DA:5594,0
DA:5595,0
DA:5597,0
DA:5598,0
DA:5599,0
DA:5600,0
DA:5601,0
DA:5603,0
DA:5605,0
DA:5606,0
DA:5608,0
DA:5610,0
DA:5611,0
DA:5625,1
DA:5627,1
DA:5628,1
DA:5633,0
DA:5635,0
DA:5636,0
DA:5643,0
DA:5648,0
DA:5650,0
DA:5651,0
DA:5656,0
DA:5661,0
DA:5666,0
DA:5667,0
DA:5668,0
DA:5675,0
DA:5676,0
DA:5677,0
DA:5678,0
DA:5681,0
DA:5682,0
DA:5683,0
DA:5684,0
DA:5685,0
DA:5690,0
DA:5693,0
DA:5696,0
DA:5699,0
DA:5706,0
DA:5707,0
DA:5713,0
DA:5714,0
DA:5720,0
DA:5722,0
DA:5728,0
DA:5729,0
DA:5735,0
DA:5737,0
DA:5740,0
DA:5741,0
DA:5742,0
DA:5748,0
DA:5750,0
DA:5751,0
DA:5755,0
DA:5756,0
DA:5757,0
DA:5759,0
DA:5765,0
DA:5767,0
DA:5771,0
DA:5772,0
DA:5773,0
DA:5779,0
DA:5781,0
DA:5784,0
DA:5790,0
DA:5792,0
DA:5793,0
DA:5814,0
DA:5837,0
DA:5838,0
DA:5839,0
DA:5840,0
DA:5846,0
DA:5848,0
DA:5851,0
DA:5852,0
DA:5858,0
DA:5860,0
DA:5866,0
DA:5867,0
DA:5882,0
DA:5885,0
DA:5886,0
DA:5887,0
DA:5893,10215
DA:5895,10215
DA:5896,0
DA:5903,0
DA:5904,0
DA:5907,10215
DA:5908,10215
DA:5909,10215
DA:5914,4085
DA:5916,4085
DA:5917,4085
DA:5918,4085
DA:5919,4085
DA:5933,2042
DA:5938,2042
DA:5939,2042
DA:5940,2042
DA:5941,2042
DA:5942,2042
DA:5954,0
DA:5959,0
DA:5960,0
DA:5961,0
DA:5962,0
DA:5971,0
DA:5976,0
DA:5977,0
DA:5978,0
DA:6011,2042
DA:6016,2042
DA:6017,2042
DA:6019,2042
DA:6023,2042
DA:6029,2042
DA:6030,2042
DA:6032,2042
DA:6033,2042
DA:6035,2042
DA:6036,2042
DA:6038,2042
DA:6043,2042
DA:6048,2043
DA:6054,2043
DA:6075,8168
DA:6077,8168
DA:6078,8168
DA:6079,8168
DA:6080,8168
DA:6081,8168
DA:6085,0
DA:6088,0
DA:6089,0
DA:6090,0
DA:6091,0
DA:6097,2042
DA:6104,2042
DA:6106,2042
DA:6107,0
DA:6109,2042
DA:6110,0
DA:6111,0
DA:6112,0
DA:6113,0
DA:6114,2042
DA:6115,2042
DA:6116,2042
DA:6117,2042
DA:6118,2042
DA:6119,0
DA:6120,0
DA:6121,0
DA:6122,0
DA:6125,2042
DA:6126,0
DA:6127,0
DA:6129,0
DA:6130,0
DA:6132,2042
DA:6133,0
DA:6134,0
DA:6135,0
DA:6136,0
DA:6138,10210
DA:6139,8168
DA:6140,0
DA:6141,0
DA:6144,0
DA:6145,0
DA:6148,2042
DA:6149,2042
DA:6150,2042
DA:6151,0
DA:6154,0
DA:6155,0
DA:6158,2042
DA:6159,0
DA:6160,0
DA:6162,0
DA:6163,0
DA:6165,2042
DA:6166,0
DA:6167,0
DA:6169,0
DA:6171,0
DA:6172,0
DA:6175,2042
DA:6176,0
DA:6177,0
DA:6179,0
DA:6180,0
DA:6183,2042
DA:6186,2042
DA:6189,2042
DA:6191,0
DA:6192,0
DA:6193,0
DA:6194,0
DA:6195,0
DA:6198,0
DA:6200,0
DA:6201,0
DA:6203,0
DA:6205,0
DA:6206,0
DA:6207,0
DA:6208,0
DA:6209,0
DA:6212,0
DA:6214,0
DA:6215,0
DA:6216,0
DA:6218,0
DA:6219,0
DA:6220,0
DA:6221,0
DA:6222,0
DA:6224,0
DA:6226,2042
DA:6227,2042
DA:6228,2042
DA:6229,2042
DA:6230,0
DA:6231,0
DA:6232,0
DA:6233,0
DA:6234,0
DA:6236,2042
DA:6237,0
DA:6238,0
DA:6239,0
DA:6240,0
DA:6241,0
DA:6243,2042
DA:6245,0
DA:6246,0
DA:6250,2042
DA:6251,0
DA:6252,0
DA:6253,0
DA:6257,2042
DA:6258,2042
DA:6259,2042
DA:6260,2042
DA:6263,2042
DA:6264,2042
DA:6265,2042
DA:6266,2042
DA:6267,0
DA:6268,0
DA:6272,2042
DA:6278,1
DA:6287,1
DA:6289,1
DA:6290,0
DA:6292,1
DA:6293,1
DA:6294,0
DA:6295,0
DA:6296,0
DA:6297,0
DA:6298,0
DA:6299,0
DA:6300,0
DA:6301,0
DA:6302,0
DA:6303,0
DA:6304,0
DA:6305,0
DA:6306,0
DA:6307,1
DA:6308,1
DA:6309,1
DA:6310,1
DA:6313,1
DA:6314,1
DA:6315,0
DA:6316,0
DA:6318,0
DA:6319,1
DA:6321,1
DA:6322,1
DA:6323,1
DA:6324,1
DA:6325,1
DA:6327,0
DA:6328,0
DA:6329,0
DA:6330,0
DA:6333,0
DA:6334,0
DA:6337,0
DA:6338,0
DA:6339,0
DA:6341,0
DA:6342,0
DA:6344,0
DA:6345,0
DA:6346,0
DA:6351,0
DA:6352,0
DA:6353,0
DA:6355,0
DA:6357,0
DA:6358,0
DA:6361,0
DA:6362,0
DA:6363,0
DA:6365,0
DA:6366,0
DA:6369,0
DA:6372,0
DA:6375,0
DA:6377,0
DA:6378,0
DA:6379,0
DA:6380,0
DA:6381,0
DA:6384,0
DA:6386,0
DA:6387,0
DA:6389,0
DA:6391,0
DA:6392,0
DA:6393,0
DA:6394,0
DA:6395,0
DA:6396,0
DA:6397,0
DA:6398,0
DA:6399,0
DA:6401,0
DA:6403,0
DA:6404,0
DA:6405,0
DA:6406,0
DA:6407,0
DA:6408,0
DA:6409,0
DA:6410,0
DA:6411,0
DA:6413,0
DA:6414,0
DA:6415,0
DA:6416,0
DA:6417,0
DA:6418,0
DA:6420,0
DA:6422,0
DA:6423,0
DA:6427,0
DA:6428,0
DA:6429,0
DA:6430,0
DA:6434,0
DA:6435,0
DA:6436,0
DA:6437,0
DA:6440,0
DA:6441,0
DA:6442,0
DA:6443,0
DA:6444,0
DA:6445,0
DA:6446,0
DA:6450,0
DA:6451,0
DA:6452,0
DA:6453,0
DA:6454,0
DA:6457,0
DA:6459,0
DA:6460,0
DA:6461,0
DA:6463,0
DA:6464,0
DA:6465,0
DA:6466,0
DA:6476,0
DA:6482,0
DA:6484,0
DA:6485,0
DA:6487,0
DA:6488,0
DA:6489,0
DA:6490,0
DA:6491,0
DA:6494,0
DA:6495,0
DA:6496,0
DA:6498,0
DA:6499,0
DA:6501,0
DA:6502,0
DA:6503,0
DA:6504,0
DA:6505,0
DA:6507,0
DA:6508,0
DA:6509,0
DA:6510,0
DA:6513,0
DA:6514,0
DA:6518,0
DA:6520,0
DA:6521,0
DA:6522,0
DA:6525,0
DA:6527,0
DA:6528,0
DA:6530,0
DA:6531,0
DA:6533,0
DA:6534,0
DA:6535,0
DA:6536,0
DA:6537,0
DA:6538,0
DA:6539,0
DA:6541,0
DA:6543,0
DA:6544,0
DA:6548,0
DA:6549,0
DA:6550,0
DA:6551,0
DA:6555,0
DA:6556,0
DA:6558,0
DA:6559,0
DA:6565,0
DA:6567,0
DA:6585,0
DA:6590,0
DA:6592,0
DA:6629,0
DA:6634,0
DA:6636,0
DA:6640,0
DA:6668,12258
DA:6672,12258
DA:6673,12258
DA:6674,12258
DA:6680,6129
DA:6684,6129
DA:6685,6129
DA:6686,6129
DA:6687,6129
DA:6693,10215
DA:6695,10215
DA:6696,6129
DA:6697,6129
DA:6698,6129
DA:6699,6129
DA:6701,4086
DA:6702,6129
DA:6703,4086
DA:6704,4086
DA:6711,4086
DA:6716,4086
DA:6717,4086
DA:6718,0
DA:6719,0
DA:6721,0
DA:6722,0
DA:6723,0
DA:6724,0
DA:6725,0
DA:6726,0
DA:6727,0
DA:6728,0
DA:6729,0
DA:6730,0
DA:6734,4086
DA:6740,2043
DA:6755,2043
DA:6756,2043
DA:6757,2043
DA:6758,2043
DA:6759,2043
DA:6760,2043
DA:6761,2043
DA:6762,2043
DA:6763,2043
DA:6764,2043
DA:6765,2043
DA:6766,2043
DA:6767,2043
DA:6768,2043
DA:6769,2043
DA:6772,2043
DA:6775,2043
DA:6779,2043
DA:6780,2043
DA:6782,2043
DA:6783,2043
DA:6784,24516
DA:6785,22473
DA:6791,2043
DA:6792,2043
DA:6793,2043
DA:6794,8172
DA:6795,6129
DA:6799,2043
DA:6800,2043
DA:6801,2043
DA:6802,8172
DA:6803,6129
DA:6804,6129
DA:6805,2043
DA:6806,2043
DA:6807,2043
DA:6812,2043
DA:6813,2043
DA:6818,2043
DA:6820,2043
DA:6821,2043
DA:6822,0
DA:6824,2043
DA:6825,2043
DA:6826,2043
DA:6827,2043
DA:6828,0
DA:6829,0
DA:6834,8172
DA:6835,6129
DA:6836,6129
DA:6837,8172
DA:6838,4086
DA:6839,1
DA:6840,1
DA:6841,0
DA:6842,2042
DA:6843,0
DA:6844,2042
DA:6845,0
DA:6846,0
DA:6847,0
DA:6848,0
DA:6849,0
DA:6850,0
DA:6851,0
DA:6852,0
DA:6853,0
DA:6854,0
DA:6855,0
DA:6856,0
DA:6857,0
DA:6858,0
DA:6859,0
DA:6860,0
DA:6862,0
DA:6864,0
DA:6865,0
DA:6873,8172
DA:6874,6129
DA:6875,6129
DA:6876,6129
DA:6877,6129
DA:6878,6129
DA:6879,6129
DA:6880,6129
DA:6881,6129
DA:6882,6129
DA:6883,6129
DA:6884,6129
DA:6885,6129
DA:6886,6129
DA:6887,6129
DA:6888,6129
DA:6889,6129
DA:6890,6129
DA:6891,6129
DA:6893,6129
DA:6894,0
DA:6895,0
DA:6896,0
DA:6900,2043
DA:6901,2043
DA:6902,0
DA:6904,2043
DA:6905,0
DA:6907,0
DA:6910,2043
DA:6911,0
DA:6913,2043
DA:6915,2043
DA:6916,2042
DA:6917,2042
DA:6919,2042
DA:6923,2043
DA:6924,2042
DA:6925,0
DA:6927,2042
DA:6928,8168
DA:6929,6126
DA:6930,6126
DA:6931,2042
DA:6932,2042
DA:6938,1
DA:6939,1
DA:6940,1
DA:6941,0
DA:6943,1
DA:6944,4
DA:6945,3
DA:6946,3
DA:6947,1
DA:6948,1
DA:6951,1
DA:6952,0
DA:6953,0
DA:6958,0
DA:6959,0
DA:6960,0
DA:6962,0
DA:6963,0
DA:6964,0
DA:6965,0
DA:6966,0
DA:6967,0
DA:6970,0
DA:6971,0
DA:6976,0
DA:6977,0
DA:6984,2043
DA:6985,8172
DA:6986,6129
DA:6987,6129
DA:6988,6129
DA:6989,6129
DA:6992,2043
LF:2747
LH:1279
end_of_record
