TN:
SF:/home/aleen/Downloads/bzip2.c
FN:1130,1252,mainGtU
FN:1268,1338,mainSimpleSort
FN:1366,1375,mmed3
FN:1404,1500,mainQSort3
FN:1534,1794,mainSort
FN:1814,1872,BZ2_blockSort
FN:1924,1992,BZ2_hbMakeCodeLengths
FN:1996,2010,BZ2_hbAssignCodes
FN:2014,2044,BZ2_hbCreateDecodeTables
FN:2217,2221,BZ2_bsInitWrite
FN:2226,2234,bsFinishWrite
FN:2253,2258,bsW
FN:2263,2269,bsPutUInt32
FN:2274,2277,bsPutUChar
FN:2286,2295,makeMaps_e
FN:2300,2411,generateMTFValues
FN:2419,2776,sendMTFValues
FN:2780,2845,BZ2_compressBlock
FN:2860,2869,makeMaps_d
FN:2939,3448,BZ2_decompress
FN:3467,3511,BZ2_bz__AssertH__fail
FN:3517,3523,bz_config_ok
FN:3528,3532,default_bzalloc
FN:3535,3538,default_bzfree
FN:3543,3552,prepare_new_block
FN:3557,3561,init_RL
FN:3565,3570,isempty_RL
FN:3574,3637,BZ2_bzCompressInit
FN:3642,3673,add_pair_to_block
FN:3678,3682,flush_RL
FN:3715,3755,copy_input_until_stop
FN:3760,3782,copy_output_until_stop
FN:3787,3829,handle_compress
FN:3833,3890,BZ2_bzCompress
FN:3894,3910,BZ2_bzCompressEnd
FN:3918,3954,BZ2_bzDecompressInit
FN:3959,4096,unRLE_obuf_to_output_FAST
FN:4101,4112,BZ2_indexIntoF
FN:4117,4208,unRLE_obuf_to_output_SMALL
FN:4212,4260,BZ2_bzDecompress
FN:4264,4280,BZ2_bzDecompressEnd
FN:4308,4314,myfeof
FN:4318,4361,BZ2_bzWriteOpen
FN:4366,4407,BZ2_bzWrite
FN:4411,4420,BZ2_bzWriteClose
FN:4423,4485,BZ2_bzWriteClose64
FN:4489,4541,BZ2_bzReadOpen
FN:4545,4559,BZ2_bzReadClose
FN:4563,4619,BZ2_bzRead
FN:4623,4640,BZ2_bzReadGetUnused
FN:4649,4697,BZ2_bzBuffToBuffCompress
FN:4701,4750,BZ2_bzBuffToBuffDecompress
FN:4769,4772,BZ2_bzlibVersion
FN:4779,4846,bzopen_or_bzdopen
FN:4855,4860,BZ2_bzopen
FN:4864,4869,BZ2_bzdopen
FN:4873,4883,BZ2_bzread
FN:4887,4897,BZ2_bzwrite
FN:4901,4905,BZ2_bzflush
FN:4909,4926,BZ2_bzclose
FN:4953,4960,BZ2_bzerror
FN:5233,5243,uInt64_from_UInt32s
FN:5247,5257,uInt64_to_double
FN:5261,5267,uInt64_isZero
FN:5272,5283,uInt64_qrm10
FN:5290,5304,uInt64_toAscii
FN:5315,5410,compressStream
FN:5416,5525,uncompressStream
FN:5530,5616,testStream
FN:5625,5628,setExit
FN:5633,5643,cadvise
FN:5648,5656,showFileNames
FN:5661,5715,cleanUpAndFail
FN:5720,5730,panic
FN:5735,5743,crcError
FN:5748,5760,compressedStreamEOF
FN:5765,5774,ioError
FN:5779,5785,mySignalCatcher
FN:5790,5841,mySIGSEGVorSIGBUScatcher
FN:5846,5853,outOfMemory
FN:5858,5868,configError
FN:5882,5888,pad
FN:5893,5909,copyFileName
FN:5914,5920,fileExists
FN:5933,5946,fopen_output_safely
FN:5954,5963,notAStandardFile
FN:5971,5979,countHardLinks
FN:6011,6019,saveInputFileMetaInfo
FN:6023,6043,applySavedMetaInfoToOutputFile
FN:6048,6063,containsDubiousChars
FN:6075,6082,hasSuffix
FN:6085,6092,mapSuffix
FN:6097,6273,compress
FN:6278,6471,uncompress
FN:6476,6560,testf
FN:6565,6585,license
FN:6590,6629,usage
FN:6634,6640,redundant
FN:6668,6675,myMalloc
FN:6680,6688,mkCell
FN:6693,6706,snocString
FN:6711,6734,addFlagsFromEnvVar
FN:6740,6993,main
FN:815,842,fallbackSimpleSort
FN:876,963,fallbackQSort3
FN:995,1112,fallbackSort
FNDA:0,mainGtU
FNDA:0,mainSimpleSort
FNDA:0,mmed3
FNDA:0,mainQSort3
FNDA:0,mainSort
FNDA:0,BZ2_blockSort
FNDA:0,BZ2_hbMakeCodeLengths
FNDA:0,BZ2_hbAssignCodes
FNDA:0,BZ2_hbCreateDecodeTables
FNDA:0,BZ2_bsInitWrite
FNDA:0,bsFinishWrite
FNDA:0,bsW
FNDA:0,bsPutUInt32
FNDA:0,bsPutUChar
FNDA:0,makeMaps_e
FNDA:0,generateMTFValues
FNDA:0,sendMTFValues
FNDA:0,BZ2_compressBlock
FNDA:0,makeMaps_d
FNDA:2036,BZ2_decompress
FNDA:0,BZ2_bz__AssertH__fail
FNDA:2036,bz_config_ok
FNDA:2036,default_bzalloc
FNDA:2036,default_bzfree
FNDA:0,prepare_new_block
FNDA:0,init_RL
FNDA:0,isempty_RL
FNDA:0,BZ2_bzCompressInit
FNDA:0,add_pair_to_block
FNDA:0,flush_RL
FNDA:0,copy_input_until_stop
FNDA:0,copy_output_until_stop
FNDA:0,handle_compress
FNDA:0,BZ2_bzCompress
FNDA:0,BZ2_bzCompressEnd
FNDA:2036,BZ2_bzDecompressInit
FNDA:0,unRLE_obuf_to_output_FAST
FNDA:0,BZ2_indexIntoF
FNDA:0,unRLE_obuf_to_output_SMALL
FNDA:2036,BZ2_bzDecompress
FNDA:2036,BZ2_bzDecompressEnd
FNDA:2036,myfeof
FNDA:0,BZ2_bzWriteOpen
FNDA:0,BZ2_bzWrite
FNDA:0,BZ2_bzWriteClose
FNDA:0,BZ2_bzWriteClose64
FNDA:2036,BZ2_bzReadOpen
FNDA:2036,BZ2_bzReadClose
FNDA:2036,BZ2_bzRead
FNDA:0,BZ2_bzReadGetUnused
FNDA:0,BZ2_bzBuffToBuffCompress
FNDA:0,BZ2_bzBuffToBuffDecompress
FNDA:0,BZ2_bzlibVersion
FNDA:0,bzopen_or_bzdopen
FNDA:0,BZ2_bzopen
FNDA:0,BZ2_bzdopen
FNDA:0,BZ2_bzread
FNDA:0,BZ2_bzwrite
FNDA:0,BZ2_bzflush
FNDA:0,BZ2_bzclose
FNDA:0,BZ2_bzerror
FNDA:0,uInt64_from_UInt32s
FNDA:0,uInt64_to_double
FNDA:0,uInt64_isZero
FNDA:0,uInt64_qrm10
FNDA:0,uInt64_toAscii
FNDA:0,compressStream
FNDA:2036,uncompressStream
FNDA:0,testStream
FNDA:4078,setExit
FNDA:0,cadvise
FNDA:0,showFileNames
FNDA:0,cleanUpAndFail
FNDA:0,panic
FNDA:0,crcError
FNDA:0,compressedStreamEOF
FNDA:0,ioError
FNDA:0,mySignalCatcher
FNDA:0,mySIGSEGVorSIGBUScatcher
FNDA:0,outOfMemory
FNDA:0,configError
FNDA:0,pad
FNDA:10210,copyFileName
FNDA:4084,fileExists
FNDA:2036,fopen_output_safely
FNDA:2042,notAStandardFile
FNDA:2042,countHardLinks
FNDA:2036,saveInputFileMetaInfo
FNDA:0,applySavedMetaInfoToOutputFile
FNDA:2042,containsDubiousChars
FNDA:8168,hasSuffix
FNDA:8168,mapSuffix
FNDA:0,compress
FNDA:2042,uncompress
FNDA:0,testf
FNDA:0,license
FNDA:0,usage
FNDA:0,redundant
FNDA:8168,myMalloc
FNDA:4084,mkCell
FNDA:6126,snocString
FNDA:4084,addFlagsFromEnvVar
FNDA:2042,main
FNDA:0,fallbackSimpleSort
FNDA:0,fallbackQSort3
FNDA:0,fallbackSort
FNF:106
FNH:28
DA:815,0
DA:823,0
DA:825,0
DA:826,0
DA:827,0
DA:828,0
DA:829,0
DA:830,0
DA:831,0
DA:835,0
DA:836,0
DA:837,0
DA:838,0
DA:839,0
DA:840,0
DA:876,0
DA:887,0
DA:889,0
DA:890,0
DA:892,0
DA:894,0
DA:896,0
DA:897,0
DA:898,0
DA:899,0
DA:909,0
DA:910,0
DA:911,0
DA:912,0
DA:913,0
DA:915,0
DA:916,0
DA:918,0
DA:920,0
DA:921,0
DA:922,0
DA:923,0
DA:924,0
DA:925,0
DA:927,0
DA:928,0
DA:931,0
DA:932,0
DA:933,0
DA:934,0
DA:935,0
DA:936,0
DA:938,0
DA:939,0
DA:941,0
DA:942,0
DA:947,0
DA:949,0
DA:950,0
DA:952,0
DA:953,0
DA:955,0
DA:956,0
DA:957,0
DA:959,0
DA:960,0
DA:963,0
DA:995,0
DA:1006,0
DA:1012,0
DA:1013,0
DA:1014,0
DA:1015,0
DA:1016,0
DA:1017,0
DA:1019,0
DA:1020,0
DA:1021,0
DA:1022,0
DA:1023,0
DA:1026,0
DA:1027,0
DA:1028,0
DA:1037,0
DA:1038,0
DA:1039,0
DA:1043,0
DA:1046,0
DA:1047,0
DA:1049,0
DA:1050,0
DA:1051,0
DA:1052,0
DA:1053,0
DA:1056,0
DA:1057,0
DA:1061,0
DA:1062,0
DA:1063,0
DA:1064,0
DA:1065,0
DA:1067,0
DA:1068,0
DA:1069,0
DA:1070,0
DA:1071,0
DA:1072,0
DA:1074,0
DA:1075,0
DA:1078,0
DA:1079,0
DA:1080,0
DA:1083,0
DA:1084,0
DA:1085,0
DA:1086,0
DA:1091,0
DA:1092,0
DA:1094,0
DA:1095,0
DA:1103,0
DA:1104,0
DA:1105,0
DA:1106,0
DA:1107,0
DA:1108,0
DA:1109,0
DA:1111,0
DA:1112,0
DA:1130,0
DA:1143,0
DA:1144,0
DA:1145,0
DA:1147,0
DA:1148,0
DA:1149,0
DA:1151,0
DA:1152,0
DA:1153,0
DA:1155,0
DA:1156,0
DA:1157,0
DA:1159,0
DA:1160,0
DA:1161,0
DA:1163,0
DA:1164,0
DA:1165,0
DA:1167,0
DA:1168,0
DA:1169,0
DA:1171,0
DA:1172,0
DA:1173,0
DA:1175,0
DA:1176,0
DA:1177,0
DA:1179,0
DA:1180,0
DA:1181,0
DA:1183,0
DA:1184,0
DA:1185,0
DA:1187,0
DA:1188,0
DA:1189,0
DA:1191,0
DA:1195,0
DA:1196,0
DA:1197,0
DA:1198,0
DA:1199,0
DA:1201,0
DA:1202,0
DA:1203,0
DA:1204,0
DA:1205,0
DA:1207,0
DA:1208,0
DA:1209,0
DA:1210,0
DA:1211,0
DA:1213,0
DA:1214,0
DA:1215,0
DA:1216,0
DA:1217,0
DA:1219,0
DA:1220,0
DA:1221,0
DA:1222,0
DA:1223,0
DA:1225,0
DA:1226,0
DA:1227,0
DA:1228,0
DA:1229,0
DA:1231,0
DA:1232,0
DA:1233,0
DA:1234,0
DA:1235,0
DA:1237,0
DA:1238,0
DA:1239,0
DA:1240,0
DA:1241,0
DA:1243,0
DA:1244,0
DA:1246,0
DA:1247,0
DA:1249,0
DA:1251,0
DA:1268,0
DA:1280,0
DA:1281,0
DA:1283,0
DA:1284,0
DA:1285,0
DA:1287,0
DA:1288,0
DA:1290,0
DA:1294,0
DA:1295,0
DA:1296,0
DA:1297,0
DA:1298,0
DA:1300,0
DA:1301,0
DA:1302,0
DA:1304,0
DA:1305,0
DA:1308,0
DA:1309,0
DA:1310,0
DA:1311,0
DA:1312,0
DA:1314,0
DA:1315,0
DA:1316,0
DA:1318,0
DA:1319,0
DA:1322,0
DA:1323,0
DA:1324,0
DA:1325,0
DA:1326,0
DA:1328,0
DA:1329,0
DA:1330,0
DA:1332,0
DA:1333,0
DA:1335,0
DA:1366,0
DA:1369,0
DA:1370,0
DA:1371,0
DA:1372,0
DA:1374,0
DA:1404,0
DA:1424,0
DA:1425,0
DA:1427,0
DA:1429,0
DA:1431,0
DA:1432,0
DA:1434,0
DA:1435,0
DA:1436,0
DA:1439,0
DA:1440,0
DA:1441,0
DA:1442,0
DA:1444,0
DA:1445,0
DA:1447,0
DA:1449,0
DA:1450,0
DA:1451,0
DA:1452,0
DA:1453,0
DA:1455,0
DA:1456,0
DA:1459,0
DA:1460,0
DA:1461,0
DA:1462,0
DA:1463,0
DA:1465,0
DA:1466,0
DA:1468,0
DA:1469,0
DA:1474,0
DA:1475,0
DA:1476,0
DA:1479,0
DA:1480,0
DA:1482,0
DA:1483,0
DA:1485,0
DA:1486,0
DA:1487,0
DA:1489,0
DA:1490,0
DA:1491,0
DA:1496,0
DA:1497,0
DA:1498,0
DA:1534,0
DA:1550,0
DA:1553,0
DA:1555,0
DA:1556,0
DA:1557,0
DA:1558,0
DA:1559,0
DA:1560,0
DA:1561,0
DA:1562,0
DA:1563,0
DA:1564,0
DA:1565,0
DA:1566,0
DA:1567,0
DA:1568,0
DA:1569,0
DA:1571,0
DA:1572,0
DA:1573,0
DA:1574,0
DA:1578,0
DA:1579,0
DA:1580,0
DA:1583,0
DA:1586,0
DA:1588,0
DA:1589,0
DA:1590,0
DA:1591,0
DA:1592,0
DA:1593,0
DA:1594,0
DA:1595,0
DA:1596,0
DA:1597,0
DA:1598,0
DA:1599,0
DA:1600,0
DA:1601,0
DA:1602,0
DA:1603,0
DA:1604,0
DA:1605,0
DA:1606,0
DA:1608,0
DA:1609,0
DA:1610,0
DA:1611,0
DA:1612,0
DA:1620,0
DA:1621,0
DA:1622,0
DA:1627,0
DA:1628,0
DA:1630,0
DA:1631,0
DA:1632,0
DA:1633,0
DA:1634,0
DA:1635,0
DA:1636,0
DA:1637,0
DA:1639,0
DA:1640,0
DA:1642,0
DA:1649,0
DA:1651,0
DA:1659,0
DA:1669,0
DA:1670,0
DA:1671,0
DA:1672,0
DA:1673,0
DA:1674,0
DA:1675,0
DA:1676,0
DA:1677,0
DA:1680,0
DA:1684,0
DA:1685,0
DA:1688,0
DA:1692,0
DA:1702,0
DA:1703,0
DA:1704,0
DA:1706,0
DA:1707,0
DA:1708,0
DA:1709,0
DA:1710,0
DA:1712,0
DA:1713,0
DA:1714,0
DA:1715,0
DA:1716,0
DA:1720,0
DA:1729,0
DA:1770,0
DA:1772,0
DA:1773,0
DA:1774,0
DA:1775,0
DA:1777,0
DA:1779,0
DA:1780,0
DA:1781,0
DA:1782,0
DA:1783,0
DA:1784,0
DA:1786,0
DA:1791,0
DA:1792,0
DA:1814,0
DA:1816,0
DA:1817,0
DA:1818,0
DA:1819,0
DA:1820,0
DA:1821,0
DA:1827,0
DA:1828,0
DA:1835,0
DA:1836,0
DA:1837,0
DA:1846,0
DA:1847,0
DA:1848,0
DA:1849,0
DA:1851,0
DA:1852,0
DA:1853,0
DA:1858,0
DA:1859,0
DA:1860,0
DA:1862,0
DA:1866,0
DA:1867,0
DA:1868,0
DA:1869,0
DA:1871,0
DA:1872,0
DA:1924,0
DA:1940,0
DA:1941,0
DA:1945,0
DA:1946,0
DA:1948,0
DA:1949,0
DA:1950,0
DA:1952,0
DA:1953,0
DA:1954,0
DA:1955,0
DA:1956,0
DA:1959,0
DA:1961,0
DA:1962,0
DA:1963,0
DA:1964,0
DA:1965,0
DA:1966,0
DA:1967,0
DA:1968,0
DA:1969,0
DA:1970,0
DA:1973,0
DA:1975,0
DA:1976,0
DA:1977,0
DA:1978,0
DA:1979,0
DA:1980,0
DA:1981,0
DA:1984,0
DA:1986,0
DA:1987,0
DA:1988,0
DA:1989,0
DA:1992,0
DA:1996,0
DA:2004,0
DA:2005,0
DA:2006,0
DA:2007,0
DA:2008,0
DA:2010,0
DA:2014,0
DA:2024,0
DA:2025,0
DA:2026,0
DA:2027,0
DA:2029,0
DA:2030,0
DA:2032,0
DA:2034,0
DA:2035,0
DA:2037,0
DA:2038,0
DA:2039,0
DA:2040,0
DA:2042,0
DA:2043,0
DA:2044,0
DA:2217,0
DA:2219,0
DA:2220,0
DA:2221,0
DA:2226,0
DA:2228,0
DA:2229,0
DA:2230,0
DA:2231,0
DA:2232,0
DA:2234,0
DA:2253,0
DA:2255,0
DA:2256,0
DA:2257,0
DA:2258,0
DA:2263,0
DA:2265,0
DA:2266,0
DA:2267,0
DA:2268,0
DA:2269,0
DA:2274,0
DA:2276,0
DA:2277,0
DA:2286,0
DA:2289,0
DA:2290,0
DA:2291,0
DA:2292,0
DA:2293,0
DA:2295,0
DA:2300,0
DA:2330,0
DA:2331,0
DA:2332,0
DA:2334,0
DA:2335,0
DA:2337,0
DA:2339,0
DA:2340,0
DA:2341,0
DA:2343,0
DA:2346,0
DA:2347,0
DA:2350,0
DA:2351,0
DA:2354,0
DA:2355,0
DA:2357,0
DA:2358,0
DA:2359,0
DA:2361,0
DA:2362,0
DA:2364,0
DA:2365,0
DA:2367,0
DA:2373,0
DA:2374,0
DA:2375,0
DA:2376,0
DA:2377,0
DA:2379,0
DA:2380,0
DA:2381,0
DA:2382,0
DA:2384,0
DA:2385,0
DA:2386,0
DA:2392,0
DA:2393,0
DA:2395,0
DA:2396,0
DA:2397,0
DA:2399,0
DA:2400,0
DA:2402,0
DA:2403,0
DA:2405,0
DA:2408,0
DA:2410,0
DA:2411,0
DA:2419,0
DA:2439,0
DA:2441,0
DA:2442,0
DA:2446,0
DA:2447,0
DA:2448,0
DA:2449,0
DA:2452,0
DA:2453,0
DA:2454,0
DA:2455,0
DA:2456,0
DA:2457,0
DA:2463,0
DA:2464,0
DA:2465,0
DA:2466,0
DA:2467,0
DA:2468,0
DA:2469,0
DA:2470,0
DA:2471,0
DA:2472,0
DA:2475,0
DA:2476,0
DA:2477,0
DA:2478,0
DA:2479,0
DA:2482,0
DA:2483,0
DA:2488,0
DA:2489,0
DA:2490,0
DA:2491,0
DA:2493,0
DA:2494,0
DA:2495,0
DA:2502,0
DA:2504,0
DA:2506,0
DA:2507,0
DA:2508,0
DA:2514,0
DA:2515,0
DA:2516,0
DA:2517,0
DA:2518,0
DA:2522,0
DA:2523,0
DA:2524,0
DA:2528,0
DA:2529,0
DA:2530,0
DA:2536,0
DA:2538,0
DA:2542,0
DA:2550,0
DA:2551,0
DA:2552,0
DA:2553,0
DA:2554,0
DA:2555,0
DA:2556,0
DA:2557,0
DA:2558,0
DA:2559,0
DA:2563,0
DA:2564,0
DA:2565,0
DA:2569,0
DA:2570,0
DA:2571,0
DA:2579,0
DA:2580,0
DA:2581,0
DA:2582,0
DA:2583,0
DA:2584,0
DA:2585,0
DA:2590,0
DA:2595,0
DA:2596,0
DA:2597,0
DA:2598,0
DA:2599,0
DA:2600,0
DA:2601,0
DA:2602,0
DA:2603,0
DA:2604,0
DA:2610,0
DA:2611,0
DA:2614,0
DA:2616,0
DA:2617,0
DA:2619,0
DA:2620,0
DA:2621,0
DA:2627,0
DA:2628,0
DA:2633,0
DA:2634,0
DA:2642,0
DA:2643,0
DA:2644,0
DA:2645,0
DA:2646,0
DA:2647,0
DA:2648,0
DA:2649,0
DA:2650,0
DA:2651,0
DA:2653,0
DA:2654,0
DA:2659,0
DA:2660,0
DA:2661,0
DA:2662,0
DA:2663,0
DA:2664,0
DA:2666,0
DA:2667,0
DA:2668,0
DA:2675,0
DA:2676,0
DA:2677,0
DA:2678,0
DA:2681,0
DA:2682,0
DA:2683,0
DA:2685,0
DA:2686,0
DA:2687,0
DA:2688,0
DA:2691,0
DA:2692,0
DA:2696,0
DA:2697,0
DA:2698,0
DA:2699,0
DA:2700,0
DA:2701,0
DA:2703,0
DA:2704,0
DA:2707,0
DA:2709,0
DA:2710,0
DA:2711,0
DA:2712,0
DA:2713,0
DA:2714,0
DA:2715,0
DA:2719,0
DA:2720,0
DA:2723,0
DA:2724,0
DA:2725,0
DA:2727,0
DA:2728,0
DA:2729,0
DA:2730,0
DA:2732,0
DA:2735,0
DA:2736,0
DA:2737,0
DA:2738,0
DA:2746,0
DA:2747,0
DA:2748,0
DA:2749,0
DA:2750,0
DA:2751,0
DA:2752,0
DA:2753,0
DA:2754,0
DA:2755,0
DA:2761,0
DA:2762,0
DA:2763,0
DA:2764,0
DA:2769,0
DA:2770,0
DA:2772,0
DA:2774,0
DA:2775,0
DA:2776,0
DA:2780,0
DA:2782,0
DA:2784,0
DA:2785,0
DA:2786,0
DA:2787,0
DA:2789,0
DA:2790,0
DA:2794,0
DA:2797,0
DA:2800,0
DA:2801,0
DA:2802,0
DA:2803,0
DA:2804,0
DA:2805,0
DA:2808,0
DA:2810,0
DA:2811,0
DA:2812,0
DA:2815,0
DA:2826,0
DA:2828,0
DA:2829,0
DA:2830,0
DA:2835,0
DA:2837,0
DA:2838,0
DA:2839,0
DA:2840,0
DA:2841,0
DA:2842,0
DA:2843,0
DA:2845,0
DA:2860,0
DA:2863,0
DA:2864,0
DA:2865,0
DA:2866,0
DA:2867,0
DA:2869,0
DA:2939,2036
DA:2944,2036
DA:2972,2036
DA:2974,2036
DA:2975,2036
DA:2976,2036
DA:2977,2036
DA:2978,2036
DA:2979,2036
DA:2980,2036
DA:2981,2036
DA:2982,2036
DA:2983,2036
DA:2984,2036
DA:2985,2036
DA:2986,2036
DA:2987,2036
DA:2988,2036
DA:2989,2036
DA:2990,2036
DA:2991,2036
DA:2992,2036
DA:2993,2036
DA:2994,2036
DA:2995,2036
DA:2996,2036
DA:2997,2036
DA:3001,2036
DA:3002,2036
DA:3003,2036
DA:3004,2036
DA:3005,2036
DA:3006,2036
DA:3007,2036
DA:3008,2036
DA:3009,2036
DA:3010,2036
DA:3011,2036
DA:3012,2036
DA:3013,2036
DA:3014,2036
DA:3015,2036
DA:3016,2036
DA:3017,2036
DA:3018,2036
DA:3019,2036
DA:3020,2036
DA:3021,2036
DA:3022,2036
DA:3023,2036
DA:3024,2036
DA:3026,2036
DA:3028,2036
DA:3030,4072
DA:3031,2036
DA:3033,0
DA:3034,0
DA:3036,0
DA:3037,0
DA:3039,0
DA:3040,0
DA:3041,0
DA:3042,0
DA:3044,0
DA:3045,0
DA:3046,0
DA:3049,0
DA:3051,0
DA:3052,0
DA:3055,0
DA:3057,0
DA:3058,0
DA:3059,0
DA:3060,0
DA:3061,0
DA:3062,0
DA:3063,0
DA:3064,0
DA:3065,0
DA:3066,0
DA:3067,0
DA:3068,0
DA:3070,0
DA:3071,0
DA:3072,0
DA:3074,0
DA:3075,0
DA:3076,0
DA:3077,0
DA:3078,0
DA:3079,0
DA:3080,0
DA:3081,0
DA:3082,0
DA:3084,0
DA:3086,0
DA:3087,0
DA:3088,0
DA:3089,0
DA:3090,0
DA:3091,0
DA:3092,0
DA:3094,0
DA:3095,0
DA:3096,0
DA:3097,0
DA:3100,0
DA:3101,0
DA:3102,0
DA:3103,0
DA:3104,0
DA:3107,0
DA:3109,0
DA:3110,0
DA:3111,0
DA:3112,0
DA:3113,0
DA:3115,0
DA:3116,0
DA:3117,0
DA:3120,0
DA:3121,0
DA:3122,0
DA:3123,0
DA:3124,0
DA:3125,0
DA:3127,0
DA:3128,0
DA:3129,0
DA:3130,0
DA:3132,0
DA:3138,0
DA:3140,0
DA:3141,0
DA:3142,0
DA:3143,0
DA:3144,0
DA:3145,0
DA:3150,0
DA:3151,0
DA:3152,0
DA:3154,0
DA:3155,0
DA:3156,0
DA:3157,0
DA:3158,0
DA:3160,0
DA:3165,0
DA:3166,0
DA:3167,0
DA:3168,0
DA:3169,0
DA:3170,0
DA:3172,0
DA:3179,0
DA:3184,0
DA:3185,0
DA:3186,0
DA:3187,0
DA:3189,0
DA:3194,0
DA:3195,0
DA:3196,0
DA:3197,0
DA:3198,0
DA:3200,0
DA:3205,0
DA:3206,0
DA:3210,0
DA:3212,0
DA:3214,0
DA:3215,0
DA:3217,0
DA:3218,0
DA:3219,0
DA:3220,0
DA:3222,0
DA:3224,0
DA:3225,0
DA:3226,0
DA:3228,0
DA:3229,0
DA:3230,0
DA:3231,0
DA:3232,0
DA:3233,0
DA:3236,0
DA:3237,0
DA:3238,0
DA:3239,0
DA:3240,0
DA:3243,0
DA:3247,0
DA:3253,0
DA:3255,0
DA:3257,0
DA:3258,0
DA:3259,0
DA:3260,0
DA:3261,0
DA:3262,0
DA:3263,0
DA:3264,0
DA:3265,0
DA:3267,0
DA:3268,0
DA:3270,0
DA:3273,0
DA:3274,0
DA:3275,0
DA:3276,0
DA:3277,0
DA:3278,0
DA:3280,0
DA:3281,0
DA:3282,0
DA:3283,0
DA:3284,0
DA:3285,0
DA:3287,0
DA:3288,0
DA:3289,0
DA:3290,0
DA:3291,0
DA:3292,0
DA:3293,0
DA:3294,0
DA:3296,0
DA:3303,0
DA:3304,0
DA:3305,0
DA:3306,0
DA:3307,0
DA:3309,0
DA:3310,0
DA:3317,0
DA:3318,0
DA:3320,0
DA:3321,0
DA:3322,0
DA:3323,0
DA:3324,0
DA:3327,0
DA:3328,0
DA:3329,0
DA:3331,0
DA:3334,0
DA:3337,0
DA:3338,0
DA:3339,0
DA:3340,0
DA:3344,0
DA:3345,0
DA:3347,0
DA:3348,0
DA:3349,0
DA:3350,0
DA:3352,0
DA:3354,0
DA:3355,0
DA:3356,0
DA:3357,0
DA:3358,0
DA:3359,0
DA:3361,0
DA:3367,0
DA:3368,0
DA:3369,0
DA:3370,0
DA:3373,0
DA:3374,0
DA:3375,0
DA:3376,0
DA:3377,0
DA:3378,0
DA:3380,0
DA:3385,0
DA:3389,0
DA:3391,0
DA:3392,0
DA:3393,0
DA:3394,0
DA:3395,0
DA:3396,0
DA:3397,0
DA:3398,0
DA:3399,0
DA:3400,0
DA:3402,0
DA:3403,0
DA:3404,0
DA:3405,0
DA:3406,0
DA:3407,0
DA:3408,0
DA:3409,0
DA:3410,0
DA:3412,0
DA:3413,0
DA:3415,0
DA:3418,0
DA:3420,2036
DA:3422,2036
DA:3423,2036
DA:3424,2036
DA:3425,2036
DA:3426,2036
DA:3427,2036
DA:3428,2036
DA:3429,2036
DA:3430,2036
DA:3431,2036
DA:3432,2036
DA:3433,2036
DA:3434,2036
DA:3435,2036
DA:3436,2036
DA:3437,2036
DA:3438,2036
DA:3439,2036
DA:3440,2036
DA:3441,2036
DA:3442,2036
DA:3443,2036
DA:3444,2036
DA:3445,2036
DA:3447,2036
DA:3467,0
DA:3469,0
DA:3482,0
DA:3483,0
DA:3510,0
DA:3517,2036
DA:3522,2036
DA:3528,2036
DA:3530,2036
DA:3531,2036
DA:3535,2036
DA:3537,2036
DA:3538,2036
DA:3543,0
DA:3546,0
DA:3547,0
DA:3548,0
DA:3549,0
DA:3550,0
DA:3551,0
DA:3552,0
DA:3557,0
DA:3559,0
DA:3560,0
DA:3561,0
DA:3565,0
DA:3567,0
DA:3568,0
DA:3569,0
DA:3574,0
DA:3583,0
DA:3585,0
DA:3586,0
DA:3587,0
DA:3588,0
DA:3590,0
DA:3591,0
DA:3592,0
DA:3594,0
DA:3595,0
DA:3596,0
DA:3598,0
DA:3599,0
DA:3600,0
DA:3602,0
DA:3603,0
DA:3604,0
DA:3605,0
DA:3607,0
DA:3608,0
DA:3609,0
DA:3610,0
DA:3611,0
DA:3612,0
DA:3615,0
DA:3616,0
DA:3617,0
DA:3618,0
DA:3619,0
DA:3620,0
DA:3621,0
DA:3622,0
DA:3624,0
DA:3625,0
DA:3626,0
DA:3627,0
DA:3629,0
DA:3630,0
DA:3631,0
DA:3632,0
DA:3633,0
DA:3634,0
DA:3635,0
DA:3636,0
DA:3642,0
DA:3645,0
DA:3646,0
DA:3647,0
DA:3649,0
DA:3650,0
DA:3651,0
DA:3652,0
DA:3653,0
DA:3654,0
DA:3655,0
DA:3656,0
DA:3657,0
DA:3658,0
DA:3659,0
DA:3660,0
DA:3661,0
DA:3662,0
DA:3663,0
DA:3664,0
DA:3665,0
DA:3666,0
DA:3667,0
DA:3668,0
DA:3669,0
DA:3670,0
DA:3671,0
DA:3673,0
DA:3678,0
DA:3680,0
DA:3681,0
DA:3682,0
DA:3715,0
DA:3717,0
DA:3719,0
DA:3724,0
DA:3726,0
DA:3727,0
DA:3728,0
DA:3729,0
DA:3730,0
DA:3731,0
DA:3732,0
DA:3740,0
DA:3742,0
DA:3744,0
DA:3745,0
DA:3746,0
DA:3747,0
DA:3748,0
DA:3749,0
DA:3750,0
DA:3751,0
DA:3754,0
DA:3760,0
DA:3762,0
DA:3767,0
DA:3770,0
DA:3772,0
DA:3773,0
DA:3774,0
DA:3775,0
DA:3776,0
DA:3777,0
DA:3778,0
DA:3781,0
DA:3787,0
DA:3789,0
DA:3790,0
DA:3791,0
DA:3795,0
DA:3796,0
DA:3797,0
DA:3798,0
DA:3799,0
DA:3800,0
DA:3801,0
DA:3802,0
DA:3803,0
DA:3804,0
DA:3805,0
DA:3808,0
DA:3809,0
DA:3810,0
DA:3811,0
DA:3812,0
DA:3813,0
DA:3816,0
DA:3817,0
DA:3818,0
DA:3821,0
DA:3822,0
DA:3828,0
DA:3833,0
DA:3837,0
DA:3838,0
DA:3839,0
DA:3840,0
DA:3842,0
DA:3843,0
DA:3845,0
DA:3846,0
DA:3848,0
DA:3849,0
DA:3850,0
DA:3851,0
DA:3854,0
DA:3855,0
DA:3856,0
DA:3857,0
DA:3860,0
DA:3861,0
DA:3862,0
DA:3863,0
DA:3866,0
DA:3868,0
DA:3869,0
DA:3870,0
DA:3871,0
DA:3872,0
DA:3873,0
DA:3874,0
DA:3875,0
DA:3876,0
DA:3878,0
DA:3879,0
DA:3880,0
DA:3881,0
DA:3882,0
DA:3883,0
DA:3884,0
DA:3885,0
DA:3886,0
DA:3887,0
DA:3889,0
DA:3894,0
DA:3897,0
DA:3898,0
DA:3899,0
DA:3900,0
DA:3902,0
DA:3903,0
DA:3904,0
DA:3905,0
DA:3907,0
DA:3909,0
DA:3918,2036
DA:3925,2036
DA:3927,2036
DA:3928,2036
DA:3929,2036
DA:3931,2036
DA:3932,2036
DA:3934,2036
DA:3935,2036
DA:3936,2036
DA:3937,2036
DA:3938,2036
DA:3939,2036
DA:3940,2036
DA:3941,2036
DA:3942,2036
DA:3943,2036
DA:3944,2036
DA:3945,2036
DA:3946,2036
DA:3947,2036
DA:3948,2036
DA:3949,2036
DA:3950,2036
DA:3951,2036
DA:3953,2036
DA:3959,0
DA:3963,0
DA:3965,0
DA:3968,0
DA:3969,0
DA:3970,0
DA:3971,0
DA:3972,0
DA:3973,0
DA:3974,0
DA:3975,0
DA:3976,0
DA:3980,0
DA:3983,0
DA:3984,0
DA:3985,0
DA:3986,0
DA:3987,0
DA:3988,0
DA:3990,0
DA:3991,0
DA:3992,0
DA:3993,0
DA:3994,0
DA:3996,0
DA:3997,0
DA:3998,0
DA:3999,0
DA:4000,0
DA:4002,0
DA:4003,0
DA:4004,0
DA:4005,0
DA:4006,0
DA:4012,0
DA:4013,0
DA:4014,0
DA:4015,0
DA:4016,0
DA:4017,0
DA:4018,0
DA:4019,0
DA:4020,0
DA:4023,0
DA:4024,0
DA:4030,0
DA:4032,0
DA:4033,0
DA:4034,0
DA:4035,0
DA:4036,0
DA:4037,0
DA:4038,0
DA:4040,0
DA:4042,0
DA:4043,0
DA:4045,0
DA:4046,0
DA:4047,0
DA:4048,0
DA:4052,0
DA:4053,0
DA:4055,0
DA:4056,0
DA:4057,0
DA:4058,0
DA:4060,0
DA:4061,0
DA:4063,0
DA:4064,0
DA:4065,0
DA:4066,0
DA:4068,0
DA:4069,0
DA:4070,0
DA:4071,0
DA:4073,0
DA:4074,0
DA:4075,0
DA:4078,0
DA:4079,0
DA:4080,0
DA:4081,0
DA:4082,0
DA:4085,0
DA:4086,0
DA:4087,0
DA:4088,0
DA:4089,0
DA:4090,0
DA:4091,0
DA:4092,0
DA:4093,0
DA:4101,0
DA:4104,0
DA:4105,0
DA:4107,0
DA:4108,0
DA:4110,0
DA:4111,0
DA:4117,0
DA:4121,0
DA:4123,0
DA:4126,0
DA:4127,0
DA:4128,0
DA:4129,0
DA:4130,0
DA:4131,0
DA:4132,0
DA:4133,0
DA:4134,0
DA:4138,0
DA:4141,0
DA:4142,0
DA:4143,0
DA:4144,0
DA:4145,0
DA:4146,0
DA:4148,0
DA:4149,0
DA:4150,0
DA:4151,0
DA:4152,0
DA:4154,0
DA:4155,0
DA:4156,0
DA:4157,0
DA:4158,0
DA:4160,0
DA:4161,0
DA:4162,0
DA:4163,0
DA:4164,0
DA:4169,0
DA:4172,0
DA:4173,0
DA:4174,0
DA:4175,0
DA:4176,0
DA:4177,0
DA:4178,0
DA:4179,0
DA:4180,0
DA:4184,0
DA:4186,0
DA:4187,0
DA:4188,0
DA:4189,0
DA:4190,0
DA:4192,0
DA:4193,0
DA:4194,0
DA:4195,0
DA:4197,0
DA:4198,0
DA:4199,0
DA:4200,0
DA:4202,0
DA:4203,0
DA:4204,0
DA:4212,2036
DA:4215,2036
DA:4216,2036
DA:4217,2036
DA:4218,2036
DA:4221,2036
DA:4222,2036
DA:4223,0
DA:4224,0
DA:4225,0
DA:4226,0
DA:4227,0
DA:4228,0
DA:4229,0
DA:4231,0
DA:4232,0
DA:4233,0
DA:4235,0
DA:4237,0
DA:4238,0
DA:4240,0
DA:4243,2036
DA:4244,2036
DA:4245,2036
DA:4246,0
DA:4247,0
DA:4249,0
DA:4250,0
DA:4251,0
DA:4253,2036
DA:4264,2036
DA:4267,2036
DA:4268,2036
DA:4269,2036
DA:4270,2036
DA:4272,2036
DA:4273,2036
DA:4274,2036
DA:4276,2036
DA:4277,2036
DA:4279,2036
DA:4308,2036
DA:4310,2036
DA:4311,2036
DA:4312,2036
DA:4313,2036
DA:4318,0
DA:4326,0
DA:4328,0
DA:4330,0
DA:4331,0
DA:4332,0
DA:4333,0
DA:4334,0
DA:4336,0
DA:4337,0
DA:4339,0
DA:4340,0
DA:4341,0
DA:4343,0
DA:4344,0
DA:4345,0
DA:4346,0
DA:4347,0
DA:4348,0
DA:4349,0
DA:4350,0
DA:4352,0
DA:4353,0
DA:4355,0
DA:4356,0
DA:4358,0
DA:4359,0
DA:4360,0
DA:4366,0
DA:4373,0
DA:4375,0
DA:4376,0
DA:4377,0
DA:4378,0
DA:4379,0
DA:4380,0
DA:4381,0
DA:4383,0
DA:4384,0
DA:4386,0
DA:4387,0
DA:4390,0
DA:4391,0
DA:4392,0
DA:4393,0
DA:4394,0
DA:4396,0
DA:4397,0
DA:4398,0
DA:4400,0
DA:4401,0
DA:4404,0
DA:4405,0
DA:4411,0
DA:4418,0
DA:4420,0
DA:4423,0
DA:4433,0
DA:4435,0
DA:4436,0
DA:4437,0
DA:4438,0
DA:4439,0
DA:4440,0
DA:4442,0
DA:4443,0
DA:4444,0
DA:4445,0
DA:4447,0
DA:4449,0
DA:4450,0
DA:4451,0
DA:4452,0
DA:4453,0
DA:4455,0
DA:4456,0
DA:4457,0
DA:4459,0
DA:4460,0
DA:4463,0
DA:4467,0
DA:4468,0
DA:4469,0
DA:4470,0
DA:4473,0
DA:4474,0
DA:4475,0
DA:4476,0
DA:4477,0
DA:4478,0
DA:4479,0
DA:4480,0
DA:4482,0
DA:4483,0
DA:4484,0
DA:4489,2036
DA:4497,2036
DA:4500,2036
DA:4502,2036
DA:4503,2036
DA:4504,2036
DA:4505,2036
DA:4506,2036
DA:4507,0
DA:4509,2036
DA:4510,0
DA:4512,2036
DA:4513,2036
DA:4514,0
DA:4516,2036
DA:4518,2036
DA:4519,2036
DA:4520,2036
DA:4521,2036
DA:4522,2036
DA:4523,2036
DA:4524,2036
DA:4526,2036
DA:4527,0
DA:4528,0
DA:4529,0
DA:4532,2036
DA:4533,2036
DA:4534,0
DA:4536,2036
DA:4537,2036
DA:4539,2036
DA:4540,2036
DA:4545,2036
DA:4547,2036
DA:4549,2036
DA:4550,2036
DA:4551,0
DA:4553,2036
DA:4554,0
DA:4556,2036
DA:4557,2036
DA:4558,2036
DA:4563,2036
DA:4570,2036
DA:4572,2036
DA:4574,2036
DA:4575,0
DA:4577,2036
DA:4578,0
DA:4580,2036
DA:4581,0
DA:4583,2036
DA:4584,2036
DA:4588,2036
DA:4589,0
DA:4591,2036
DA:4592,2036
DA:4594,2036
DA:4595,0
DA:4596,2036
DA:4597,2036
DA:4598,2036
DA:4601,2036
DA:4603,2036
DA:4604,2036
DA:4606,0
DA:4607,0
DA:4608,0
DA:4610,0
DA:4611,0
DA:4612,0
DA:4613,0
DA:4614,0
DA:4623,0
DA:4629,0
DA:4630,0
DA:4631,0
DA:4632,0
DA:4633,0
DA:4634,0
DA:4635,0
DA:4637,0
DA:4638,0
DA:4639,0
DA:4649,0
DA:4661,0
DA:4662,0
DA:4663,0
DA:4664,0
DA:4665,0
DA:4666,0
DA:4668,0
DA:4669,0
DA:4670,0
DA:4671,0
DA:4672,0
DA:4674,0
DA:4676,0
DA:4677,0
DA:4678,0
DA:4679,0
DA:4681,0
DA:4682,0
DA:4683,0
DA:4686,0
DA:4687,0
DA:4688,0
DA:4690,0
DA:4691,0
DA:4692,0
DA:4694,0
DA:4695,0
DA:4696,0
DA:4701,0
DA:4712,0
DA:4713,0
DA:4714,0
DA:4715,0
DA:4716,0
DA:4718,0
DA:4719,0
DA:4720,0
DA:4721,0
DA:4722,0
DA:4724,0
DA:4725,0
DA:4726,0
DA:4727,0
DA:4729,0
DA:4730,0
DA:4731,0
DA:4734,0
DA:4735,0
DA:4736,0
DA:4738,0
DA:4739,0
DA:4740,0
DA:4741,0
DA:4743,0
DA:4744,0
DA:4747,0
DA:4748,0
DA:4749,0
DA:4769,0
DA:4771,0
DA:4779,0
DA:4787,0
DA:4788,0
DA:4789,0
DA:4790,0
DA:4791,0
DA:4792,0
DA:4793,0
DA:4794,0
DA:4795,0
DA:4797,0
DA:4798,0
DA:4799,0
DA:4800,0
DA:4801,0
DA:4802,0
DA:4803,0
DA:4804,0
DA:4805,0
DA:4806,0
DA:4807,0
DA:4808,0
DA:4811,0
DA:4813,0
DA:4814,0
DA:4816,0
DA:4817,0
DA:4818,0
DA:4820,0
DA:4826,0
DA:4829,0
DA:4831,0
DA:4833,0
DA:4834,0
DA:4835,0
DA:4838,0
DA:4841,0
DA:4842,0
DA:4843,0
DA:4845,0
DA:4855,0
DA:4859,0
DA:4864,0
DA:4868,0
DA:4873,0
DA:4876,0
DA:4877,0
DA:4878,0
DA:4879,0
DA:4881,0
DA:4887,0
DA:4891,0
DA:4892,0
DA:4893,0
DA:4895,0
DA:4901,0
DA:4904,0
DA:4909,0
DA:4912,0
DA:4914,0
DA:4915,0
DA:4916,0
DA:4917,0
DA:4918,0
DA:4921,0
DA:4923,0
DA:4924,0
DA:4953,0
DA:4955,0
DA:4957,0
DA:4958,0
DA:4959,0
DA:5233,0
DA:5235,0
DA:5236,0
DA:5237,0
DA:5238,0
DA:5239,0
DA:5240,0
DA:5241,0
DA:5242,0
DA:5243,0
DA:5247,0
DA:5250,0
DA:5251,0
DA:5252,0
DA:5253,0
DA:5254,0
DA:5256,0
DA:5261,0
DA:5264,0
DA:5265,0
DA:5266,0
DA:5272,0
DA:5276,0
DA:5277,0
DA:5278,0
DA:5279,0
DA:5280,0
DA:5282,0
DA:5290,0
DA:5294,0
DA:5295,0
DA:5297,0
DA:5298,0
DA:5299,0
DA:5300,0
DA:5301,0
DA:5302,0
DA:5303,0
DA:5304,0
DA:5315,0
DA:5317,0
DA:5327,0
DA:5328,0
DA:5330,0
DA:5332,0
DA:5334,0
DA:5338,0
DA:5339,0
DA:5340,0
DA:5341,0
DA:5342,0
DA:5346,0
DA:5349,0
DA:5351,0
DA:5352,0
DA:5353,0
DA:5354,0
DA:5355,0
DA:5356,0
DA:5357,0
DA:5359,0
DA:5360,0
DA:5361,0
DA:5362,0
DA:5364,0
DA:5365,0
DA:5366,0
DA:5371,0
DA:5373,0
DA:5375,0
DA:5376,0
DA:5377,0
DA:5378,0
DA:5379,0
DA:5382,0
DA:5383,0
DA:5390,0
DA:5392,0
DA:5393,0
DA:5396,0
DA:5397,0
DA:5398,0
DA:5399,0
DA:5400,0
DA:5402,0
DA:5403,0
DA:5404,0
DA:5405,0
DA:5416,2036
DA:5418,2036
DA:5425,2036
DA:5426,2036
DA:5431,2036
DA:5432,2036
DA:5436,2036
DA:5440,2036
DA:5441,2036
DA:5443,2036
DA:5444,2036
DA:5445,2036
DA:5446,0
DA:5447,0
DA:5448,0
DA:5450,0
DA:5452,0
DA:5453,0
DA:5455,0
DA:5457,0
DA:5458,0
DA:5460,0
DA:5463,0
DA:5464,0
DA:5465,0
DA:5466,0
DA:5468,0
DA:5469,0
DA:5470,0
DA:5471,0
DA:5472,0
DA:5473,0
DA:5474,0
DA:5476,0
DA:5477,0
DA:5478,0
DA:5480,2036
DA:5481,2036
DA:5482,0
DA:5484,0
DA:5485,0
DA:5486,0
DA:5487,0
DA:5488,0
DA:5490,0
DA:5493,2036
DA:5494,2036
DA:5495,2036
DA:5496,0
DA:5497,0
DA:5499,0
DA:5500,0
DA:5501,0
DA:5502,0
DA:5503,0
DA:5504,0
DA:5505,0
DA:5506,0
DA:5507,2036
DA:5508,2036
DA:5509,2036
DA:5510,2036
DA:5511,2036
DA:5513,0
DA:5514,0
DA:5517,0
DA:5519,0
DA:5520,0
DA:5530,0
DA:5532,0
DA:5539,0
DA:5540,0
DA:5543,0
DA:5547,0
DA:5551,0
DA:5552,0
DA:5554,0
DA:5555,0
DA:5556,0
DA:5558,0
DA:5560,0
DA:5561,0
DA:5563,0
DA:5565,0
DA:5566,0
DA:5567,0
DA:5571,0
DA:5572,0
DA:5573,0
DA:5575,0
DA:5576,0
DA:5578,0
DA:5579,0
DA:5580,0
DA:5581,0
DA:5582,0
DA:5583,0
DA:5584,0
DA:5586,0
DA:5587,0
DA:5588,0
DA:5589,0
DA:5591,0
DA:5592,0
DA:5593,0
DA:5594,0
DA:5595,0
DA:5597,0
DA:5598,0
DA:5599,0
DA:5600,0
DA:5601,0
DA:5603,0
DA:5605,0
DA:5606,0
DA:5608,0
DA:5610,0
DA:5611,0
DA:5625,4078
DA:5627,4078
DA:5628,4078
DA:5633,0
DA:5635,0
DA:5636,0
DA:5643,0
DA:5648,0
DA:5650,0
DA:5651,0
DA:5656,0
DA:5661,0
DA:5666,0
DA:5667,0
DA:5668,0
DA:5675,0
DA:5676,0
DA:5677,0
DA:5678,0
DA:5681,0
DA:5682,0
DA:5683,0
DA:5684,0
DA:5685,0
DA:5690,0
DA:5693,0
DA:5696,0
DA:5699,0
DA:5706,0
DA:5707,0
DA:5713,0
DA:5714,0
DA:5720,0
DA:5722,0
DA:5728,0
DA:5729,0
DA:5735,0
DA:5737,0
DA:5740,0
DA:5741,0
DA:5742,0
DA:5748,0
DA:5750,0
DA:5751,0
DA:5755,0
DA:5756,0
DA:5757,0
DA:5759,0
DA:5765,0
DA:5767,0
DA:5771,0
DA:5772,0
DA:5773,0
DA:5779,0
DA:5781,0
DA:5784,0
DA:5790,0
DA:5792,0
DA:5793,0
DA:5814,0
DA:5837,0
DA:5838,0
DA:5839,0
DA:5840,0
DA:5846,0
DA:5848,0
DA:5851,0
DA:5852,0
DA:5858,0
DA:5860,0
DA:5866,0
DA:5867,0
DA:5882,0
DA:5885,0
DA:5886,0
DA:5887,0
DA:5893,10210
DA:5895,10210
DA:5896,0
DA:5903,0
DA:5904,0
DA:5907,10210
DA:5908,10210
DA:5909,10210
DA:5914,4084
DA:5916,4084
DA:5917,4084
DA:5918,4084
DA:5919,4084
DA:5933,2036
DA:5938,2036
DA:5939,2036
DA:5940,2036
DA:5941,2036
DA:5942,2036
DA:5954,2042
DA:5959,2042
DA:5960,2042
DA:5961,2042
DA:5962,0
DA:5971,2042
DA:5976,2042
DA:5977,2042
DA:5978,2042
DA:6011,2036
DA:6016,2036
DA:6017,2036
DA:6019,2036
DA:6023,0
DA:6029,0
DA:6030,0
DA:6032,0
DA:6033,0
DA:6035,0
DA:6036,0
DA:6038,0
DA:6043,0
DA:6048,2042
DA:6054,2042
DA:6075,8168
DA:6077,8168
DA:6078,8168
DA:6079,8168
DA:6080,8168
DA:6081,8168
DA:6085,8168
DA:6088,8168
DA:6089,0
DA:6090,0
DA:6091,0
DA:6097,0
DA:6104,0
DA:6106,0
DA:6107,0
DA:6109,0
DA:6110,0
DA:6111,0
DA:6112,0
DA:6113,0
DA:6114,0
DA:6115,0
DA:6116,0
DA:6117,0
DA:6118,0
DA:6119,0
DA:6120,0
DA:6121,0
DA:6122,0
DA:6125,0
DA:6126,0
DA:6127,0
DA:6129,0
DA:6130,0
DA:6132,0
DA:6133,0
DA:6134,0
DA:6135,0
DA:6136,0
DA:6138,0
DA:6139,0
DA:6140,0
DA:6141,0
DA:6144,0
DA:6145,0
DA:6148,0
DA:6149,0
DA:6150,0
DA:6151,0
DA:6154,0
DA:6155,0
DA:6158,0
DA:6159,0
DA:6160,0
DA:6162,0
DA:6163,0
DA:6165,0
DA:6166,0
DA:6167,0
DA:6169,0
DA:6171,0
DA:6172,0
DA:6175,0
DA:6176,0
DA:6177,0
DA:6179,0
DA:6180,0
DA:6183,0
DA:6186,0
DA:6189,0
DA:6191,0
DA:6192,0
DA:6193,0
DA:6194,0
DA:6195,0
DA:6198,0
DA:6200,0
DA:6201,0
DA:6203,0
DA:6205,0
DA:6206,0
DA:6207,0
DA:6208,0
DA:6209,0
DA:6212,0
DA:6214,0
DA:6215,0
DA:6216,0
DA:6218,0
DA:6219,0
DA:6220,0
DA:6221,0
DA:6222,0
DA:6224,0
DA:6226,0
DA:6227,0
DA:6228,0
DA:6229,0
DA:6230,0
DA:6231,0
DA:6232,0
DA:6233,0
DA:6234,0
DA:6236,0
DA:6237,0
DA:6238,0
DA:6239,0
DA:6240,0
DA:6241,0
DA:6243,0
DA:6245,0
DA:6246,0
DA:6250,0
DA:6251,0
DA:6252,0
DA:6253,0
DA:6257,0
DA:6258,0
DA:6259,0
DA:6260,0
DA:6263,0
DA:6264,0
DA:6265,0
DA:6266,0
DA:6267,0
DA:6268,0
DA:6272,0
DA:6278,2042
DA:6287,2042
DA:6289,2042
DA:6290,0
DA:6292,2042
DA:6293,2042
DA:6294,0
DA:6295,0
DA:6296,0
DA:6297,0
DA:6298,2042
DA:6299,2042
DA:6300,2042
DA:6301,10210
DA:6302,8168
DA:6303,0
DA:6304,2042
DA:6305,2042
DA:6306,2042
DA:6307,0
DA:6308,0
DA:6309,0
DA:6310,0
DA:6313,2042
DA:6314,2042
DA:6315,0
DA:6316,0
DA:6318,0
DA:6319,6
DA:6321,2042
DA:6322,0
DA:6323,0
DA:6324,0
DA:6325,0
DA:6327,2042
DA:6328,2042
DA:6329,2042
DA:6330,0
DA:6333,0
DA:6334,0
DA:6337,2042
DA:6338,0
DA:6339,0
DA:6341,0
DA:6342,0
DA:6344,2042
DA:6345,2042
DA:6346,2042
DA:6351,2042
DA:6352,0
DA:6353,0
DA:6355,0
DA:6357,0
DA:6358,0
DA:6361,4084
DA:6362,2042
DA:6363,6
DA:6365,6
DA:6366,6
DA:6369,2036
DA:6372,2036
DA:6375,2036
DA:6377,0
DA:6378,0
DA:6379,0
DA:6380,0
DA:6381,0
DA:6384,0
DA:6386,0
DA:6387,0
DA:6389,0
DA:6391,0
DA:6392,0
DA:6393,0
DA:6394,0
DA:6395,0
DA:6396,0
DA:6397,0
DA:6398,0
DA:6399,0
DA:6401,0
DA:6403,2036
DA:6404,2036
DA:6405,2036
DA:6406,2036
DA:6407,0
DA:6408,0
DA:6409,0
DA:6410,0
DA:6411,0
DA:6413,2036
DA:6414,0
DA:6415,0
DA:6416,0
DA:6417,0
DA:6418,0
DA:6420,2036
DA:6422,0
DA:6423,0
DA:6427,2036
DA:6428,0
DA:6429,0
DA:6430,0
DA:6434,2036
DA:6435,2036
DA:6436,2036
DA:6437,2036
DA:6440,2036
DA:6441,0
DA:6442,0
DA:6443,0
DA:6444,0
DA:6445,0
DA:6446,0
DA:6450,2036
DA:6451,2036
DA:6452,2036
DA:6453,2036
DA:6454,2036
DA:6457,2036
DA:6459,2036
DA:6460,0
DA:6461,0
DA:6463,2036
DA:6464,2036
DA:6465,0
DA:6466,2036
DA:6476,0
DA:6482,0
DA:6484,0
DA:6485,0
DA:6487,0
DA:6488,0
DA:6489,0
DA:6490,0
DA:6491,0
DA:6494,0
DA:6495,0
DA:6496,0
DA:6498,0
DA:6499,0
DA:6501,0
DA:6502,0
DA:6503,0
DA:6504,0
DA:6505,0
DA:6507,0
DA:6508,0
DA:6509,0
DA:6510,0
DA:6513,0
DA:6514,0
DA:6518,0
DA:6520,0
DA:6521,0
DA:6522,0
DA:6525,0
DA:6527,0
DA:6528,0
DA:6530,0
DA:6531,0
DA:6533,0
DA:6534,0
DA:6535,0
DA:6536,0
DA:6537,0
DA:6538,0
DA:6539,0
DA:6541,0
DA:6543,0
DA:6544,0
DA:6548,0
DA:6549,0
DA:6550,0
DA:6551,0
DA:6555,0
DA:6556,0
DA:6558,0
DA:6559,0
DA:6565,0
DA:6567,0
DA:6585,0
DA:6590,0
DA:6592,0
DA:6629,0
DA:6634,0
DA:6636,0
DA:6640,0
DA:6668,8168
DA:6672,8168
DA:6673,8168
DA:6674,8168
DA:6680,4084
DA:6684,4084
DA:6685,4084
DA:6686,4084
DA:6687,4084
DA:6693,6126
DA:6695,6126
DA:6696,4084
DA:6697,4084
DA:6698,4084
DA:6699,4084
DA:6701,2042
DA:6702,2042
DA:6703,2042
DA:6704,2042
DA:6711,4084
DA:6716,4084
DA:6717,4084
DA:6718,0
DA:6719,0
DA:6721,0
DA:6722,0
DA:6723,0
DA:6724,0
DA:6725,0
DA:6726,0
DA:6727,0
DA:6728,0
DA:6729,0
DA:6730,0
DA:6734,4084
DA:6740,2042
DA:6755,2042
DA:6756,2042
DA:6757,2042
DA:6758,2042
DA:6759,2042
DA:6760,2042
DA:6761,2042
DA:6762,2042
DA:6763,2042
DA:6764,2042
DA:6765,2042
DA:6766,2042
DA:6767,2042
DA:6768,2042
DA:6769,2042
DA:6772,2042
DA:6775,2042
DA:6779,2042
DA:6780,2042
DA:6782,2042
DA:6783,2042
DA:6784,24504
DA:6785,22462
DA:6791,2042
DA:6792,2042
DA:6793,2042
DA:6794,6126
DA:6795,4084
DA:6799,2042
DA:6800,2042
DA:6801,2042
DA:6802,6126
DA:6803,4084
DA:6804,4084
DA:6805,2042
DA:6806,2042
DA:6807,2042
DA:6812,2042
DA:6813,2042
DA:6818,2042
DA:6820,2042
DA:6821,2042
DA:6822,0
DA:6824,2042
DA:6825,2042
DA:6826,2042
DA:6827,2042
DA:6828,0
DA:6829,0
DA:6834,6126
DA:6835,4084
DA:6836,4084
DA:6837,4084
DA:6838,2042
DA:6839,0
DA:6840,2042
DA:6841,0
DA:6842,0
DA:6843,0
DA:6844,0
DA:6845,0
DA:6846,0
DA:6847,0
DA:6848,0
DA:6849,0
DA:6850,0
DA:6851,0
DA:6852,0
DA:6853,0
DA:6854,0
DA:6855,0
DA:6856,0
DA:6857,0
DA:6858,0
DA:6859,0
DA:6860,0
DA:6862,0
DA:6864,0
DA:6865,0
DA:6873,6126
DA:6874,4084
DA:6875,4084
DA:6876,4084
DA:6877,4084
DA:6878,4084
DA:6879,4084
DA:6880,4084
DA:6881,4084
DA:6882,4084
DA:6883,4084
DA:6884,4084
DA:6885,4084
DA:6886,4084
DA:6887,4084
DA:6888,4084
DA:6889,4084
DA:6890,4084
DA:6891,4084
DA:6893,4084
DA:6894,0
DA:6895,0
DA:6896,0
DA:6900,2042
DA:6901,2042
DA:6902,0
DA:6904,2042
DA:6905,0
DA:6907,0
DA:6910,2042
DA:6911,0
DA:6913,2042
DA:6915,2042
DA:6916,2042
DA:6917,2042
DA:6919,2042
DA:6923,2042
DA:6924,0
DA:6925,0
DA:6927,0
DA:6928,0
DA:6929,0
DA:6930,0
DA:6931,0
DA:6932,0
DA:6938,2042
DA:6939,2042
DA:6940,2042
DA:6941,0
DA:6943,2042
DA:6944,6126
DA:6945,4084
DA:6946,4084
DA:6947,2042
DA:6948,2042
DA:6951,2042
DA:6952,2036
DA:6953,2036
DA:6958,0
DA:6959,0
DA:6960,0
DA:6962,0
DA:6963,0
DA:6964,0
DA:6965,0
DA:6966,0
DA:6967,0
DA:6970,0
DA:6971,0
DA:6976,0
DA:6977,0
DA:6984,6
DA:6985,18
DA:6986,12
DA:6987,12
DA:6988,12
DA:6989,12
DA:6992,6
LF:2744
LH:437
end_of_record
